{"logTime": "0427/101253", "correlationVector":"jGblPsAJ6LORmkgDXLcfxQ.204","action":"GetUpdates", "result":"DeleteReceived", "context":{"id":"f0dfaec0-8a0f-406d-a862-0970f49b86d1", "isDeleted:":"true", "version":"1681709031494"}}
{"logTime": "0427/101253", "correlationVector":"jGblPsAJ6LORmkgDXLcfxQ.205","action":"GetUpdates", "result":"DeleteReceived", "context":{"id":"630c963c-b4fb-4001-a70b-e885a3b20ac9", "isDeleted:":"true", "version":"1681709079511"}}
{"logTime": "0427/101253", "correlationVector":"jGblPsAJ6LORmkgDXLcfxQ.206","action":"GetUpdates", "result":"DeleteReceived", "context":{"id":"86c60302-8af9-4630-97b5-2b80c6691da1", "isDeleted:":"true", "version":"1681709079512"}}
{"logTime": "0427/101253", "correlationVector":"jGblPsAJ6LORmkgDXLcfxQ.207","action":"GetUpdates", "result":"DeleteReceived", "context":{"id":"76f925fd-20cb-4232-a56d-a4bdaa7943b2", "isDeleted:":"true", "version":"1681711234513"}}
{"logTime": "0427/101253", "correlationVector":"jGblPsAJ6LORmkgDXLcfxQ.208","action":"GetUpdates", "result":"DeleteReceived", "context":{"id":"367ed6a3-43a3-42ba-a54d-95b67cfe62bb", "isDeleted:":"true", "version":"1681711463539"}}
{"logTime": "0427/101253", "correlationVector":"jGblPsAJ6LORmkgDXLcfxQ.209","action":"GetUpdates", "result":"DeleteReceived", "context":{"id":"bdc92097-94bb-4fdb-a795-1ae15a2aba30", "isDeleted:":"true", "version":"1681711463542"}}
{"logTime": "0427/101253", "correlationVector":"jGblPsAJ6LORmkgDXLcfxQ.210","action":"GetUpdates", "result":"DeleteReceived", "context":{"id":"7903eb3e-7415-46a2-9f15-f0f0b874b1be", "isDeleted:":"true", "version":"1681711497148"}}
{"logTime": "0427/101253", "correlationVector":"jGblPsAJ6LORmkgDXLcfxQ.211","action":"GetUpdates", "result":"DeleteReceived", "context":{"id":"c569d177-fa0a-414e-a306-4b1d9d2de25d", "isDeleted:":"true", "version":"1681711602439"}}
{"logTime": "0427/101253", "correlationVector":"jGblPsAJ6LORmkgDXLcfxQ.212","action":"GetUpdates", "result":"DeleteReceived", "context":{"id":"93f9aa96-bddb-498e-a0fa-e0953ed198d0", "isDeleted:":"true", "version":"1681711602440"}}
{"logTime": "0427/101253", "correlationVector":"jGblPsAJ6LORmkgDXLcfxQ.213","action":"GetUpdates", "result":"DeleteReceived", "context":{"id":"9a13199f-d422-4421-acfd-15a774f6e631", "isDeleted:":"true", "version":"1681711654480"}}
{"logTime": "0427/101253", "correlationVector":"jGblPsAJ6LORmkgDXLcfxQ.214","action":"GetUpdates", "result":"DeleteReceived", "context":{"id":"a1fd6307-9a10-4514-9ef3-85fb025afb99", "isDeleted:":"true", "version":"1681711654481"}}
{"logTime": "0427/101253", "correlationVector":"jGblPsAJ6LORmkgDXLcfxQ.215","action":"GetUpdates", "result":"DeleteReceived", "context":{"id":"a6bf087a-408c-4698-9c38-14e3b22d7ca1", "isDeleted:":"true", "version":"1681724840004"}}
{"logTime": "0427/101254", "correlationVector":"jGblPsAJ6LORmkgDXLcfxQ.216","action":"GetUpdates", "result":"DeleteReceived", "context":{"id":"6515029f-f58e-4b77-b94e-4dee17bf3d93", "isDeleted:":"true", "version":"1681724840006"}}
{"logTime": "0427/101254", "correlationVector":"jGblPsAJ6LORmkgDXLcfxQ.217","action":"GetUpdates", "result":"DeleteReceived", "context":{"id":"fdf38a90-76a7-4a19-9e49-36172543711d", "isDeleted:":"true", "version":"1681728186304"}}
{"logTime": "0427/101254", "correlationVector":"jGblPsAJ6LORmkgDXLcfxQ.218","action":"GetUpdates", "result":"DeleteReceived", "context":{"id":"01b9c7e9-0629-4d14-b7af-228a7189f31b", "isDeleted:":"true", "version":"1681782301863"}}
{"logTime": "0427/101254", "correlationVector":"jGblPsAJ6LORmkgDXLcfxQ.219","action":"GetUpdates", "result":"DeleteReceived", "context":{"id":"4e2acc64-f863-48ed-b48d-cecd272760b9", "isDeleted:":"true", "version":"1681783140725"}}
{"logTime": "0427/101254", "correlationVector":"jGblPsAJ6LORmkgDXLcfxQ.220","action":"GetUpdates", "result":"DeleteReceived", "context":{"id":"f964cbe8-89b9-4e1f-ba08-a2c211cb2ea6", "isDeleted:":"true", "version":"1681783206656"}}
{"logTime": "0427/101254", "correlationVector":"jGblPsAJ6LORmkgDXLcfxQ.221","action":"GetUpdates", "result":"DeleteReceived", "context":{"id":"a0a12eb9-b6a9-4d53-9770-bb935ac0887f", "isDeleted:":"true", "version":"1681783206658"}}
{"logTime": "0427/101254", "correlationVector":"jGblPsAJ6LORmkgDXLcfxQ.222","action":"GetUpdates", "result":"DeleteReceived", "context":{"id":"08dc7966-d45a-4afe-a882-d159b2b38a6a", "isDeleted:":"true", "version":"1681783206659"}}
{"logTime": "0427/101254", "correlationVector":"jGblPsAJ6LORmkgDXLcfxQ.223","action":"GetUpdates", "result":"DeleteReceived", "context":{"id":"51a8ba3c-cd0d-4b25-97b8-b1ffbc230f36", "isDeleted:":"true", "version":"1681783206660"}}
{"logTime": "0427/101254", "correlationVector":"jGblPsAJ6LORmkgDXLcfxQ.224","action":"GetUpdates", "result":"DeleteReceived", "context":{"id":"b929d580-a3e1-45be-84e8-ed5736966616", "isDeleted:":"true", "version":"1681785249048"}}
{"logTime": "0427/101254", "correlationVector":"jGblPsAJ6LORmkgDXLcfxQ.225","action":"GetUpdates", "result":"DeleteReceived", "context":{"id":"9ab7bc5b-7c61-4c1e-bdc0-927485c17f58", "isDeleted:":"true", "version":"1681785462636"}}
{"logTime": "0427/101254", "correlationVector":"jGblPsAJ6LORmkgDXLcfxQ.226","action":"GetUpdates", "result":"DeleteReceived", "context":{"id":"7ac678a1-17c9-477e-ad24-e7b3ec029deb", "isDeleted:":"true", "version":"1681785619271"}}
{"logTime": "0427/101254", "correlationVector":"jGblPsAJ6LORmkgDXLcfxQ.227","action":"GetUpdates", "result":"DeleteReceived", "context":{"id":"9c438370-3898-4442-bf51-f5ec01c3bc4f", "isDeleted:":"true", "version":"1681791909834"}}
{"logTime": "0427/101254", "correlationVector":"jGblPsAJ6LORmkgDXLcfxQ.228","action":"GetUpdates", "result":"DeleteReceived", "context":{"id":"62f1adcd-b3c7-43d2-a2e4-3e2867555f8e", "isDeleted:":"true", "version":"1681791955543"}}
{"logTime": "0427/101254", "correlationVector":"jGblPsAJ6LORmkgDXLcfxQ.229","action":"GetUpdates", "result":"DeleteReceived", "context":{"id":"0f6c77b2-418c-449f-832a-b1202e996f77", "isDeleted:":"true", "version":"1681791955544"}}
{"logTime": "0427/101254", "correlationVector":"jGblPsAJ6LORmkgDXLcfxQ.230","action":"GetUpdates Response", "result":"SERVER_MORE_TO_DOWNLOAD", "context":Received 250 update(s).  Some updates remain.}
{"logTime": "0427/101254", "correlationVector":"q8iMjO9gHEPkcJOnEqjJsq","action":"Initial GetUpdates", "result":"", "context":Reason: NEWLY_SUPPORTED_DATATYPE. cV=q8iMjO9gHEPkcJOnEqjJsq}
{"logTime": "0427/101254", "correlationVector":"q8iMjO9gHEPkcJOnEqjJsq.1","action":"SyncServerConnectionManagerRequest", "result":"SYNC_SERVER_OK", "context":{"environment":"Prod_SoutheastAsia_000j", "migrationStage":"NotStarted", "server":"GENERAL0100000A"}}
{"logTime": "0427/101254", "correlationVector":"q8iMjO9gHEPkcJOnEqjJsq.2","action":"GetUpdates", "result":"DeleteReceived", "context":{"id":"7cf4e94e-34f9-4f00-ba9c-1a430b4ff066", "isDeleted:":"true", "version":"1681792000735"}}
{"logTime": "0427/101254", "correlationVector":"q8iMjO9gHEPkcJOnEqjJsq.3","action":"GetUpdates", "result":"DeleteReceived", "context":{"id":"e447da02-29aa-4f5b-b9b3-76ca26fd9b49", "isDeleted:":"true", "version":"1681792000737"}}
{"logTime": "0427/101254", "correlationVector":"q8iMjO9gHEPkcJOnEqjJsq.4","action":"GetUpdates", "result":"DeleteReceived", "context":{"id":"cee2e553-3ff5-4a2b-9b45-6e88e1025026", "isDeleted:":"true", "version":"1681792031914"}}
{"logTime": "0427/101254", "correlationVector":"q8iMjO9gHEPkcJOnEqjJsq.5","action":"GetUpdates", "result":"DeleteReceived", "context":{"id":"07b47a93-6c1a-4bd8-bb1f-bab5e909b88e", "isDeleted:":"true", "version":"1681792031916"}}
{"logTime": "0427/101254", "correlationVector":"q8iMjO9gHEPkcJOnEqjJsq.6","action":"GetUpdates", "result":"DeleteReceived", "context":{"id":"fab51772-6566-4a42-a1f1-f7e036370412", "isDeleted:":"true", "version":"1681793016753"}}
{"logTime": "0427/101254", "correlationVector":"q8iMjO9gHEPkcJOnEqjJsq.7","action":"GetUpdates", "result":"DeleteReceived", "context":{"id":"b2554310-b09f-456d-b8f0-2e7234d65cb6", "isDeleted:":"true", "version":"1681793192884"}}
{"logTime": "0427/101254", "correlationVector":"q8iMjO9gHEPkcJOnEqjJsq.8","action":"GetUpdates", "result":"DeleteReceived", "context":{"id":"892dcc13-e272-4445-888a-c9870a30f512", "isDeleted:":"true", "version":"1681793412461"}}
{"logTime": "0427/101254", "correlationVector":"q8iMjO9gHEPkcJOnEqjJsq.9","action":"GetUpdates", "result":"DeleteReceived", "context":{"id":"abfda7a4-0782-4584-899c-d83edbc700df", "isDeleted:":"true", "version":"1681796254601"}}
{"logTime": "0427/101254", "correlationVector":"q8iMjO9gHEPkcJOnEqjJsq.10","action":"GetUpdates", "result":"DeleteReceived", "context":{"id":"3ea8bfb0-8cfe-4db9-a39c-5353815fa973", "isDeleted:":"true", "version":"1681796322735"}}
{"logTime": "0427/101254", "correlationVector":"q8iMjO9gHEPkcJOnEqjJsq.11","action":"GetUpdates", "result":"DeleteReceived", "context":{"id":"efd6f10e-780e-46d4-ac1a-b65d3f658439", "isDeleted:":"true", "version":"1681796458260"}}
{"logTime": "0427/101254", "correlationVector":"q8iMjO9gHEPkcJOnEqjJsq.12","action":"GetUpdates", "result":"DeleteReceived", "context":{"id":"7b9e0659-50e4-46d7-9fd7-9abd8ead6186", "isDeleted:":"true", "version":"1681796458263"}}
{"logTime": "0427/101254", "correlationVector":"q8iMjO9gHEPkcJOnEqjJsq.13","action":"GetUpdates", "result":"DeleteReceived", "context":{"id":"3b77e055-d90c-423a-b4f6-fba60cfda4e7", "isDeleted:":"true", "version":"1681796489194"}}
{"logTime": "0427/101254", "correlationVector":"q8iMjO9gHEPkcJOnEqjJsq.14","action":"GetUpdates", "result":"DeleteReceived", "context":{"id":"b8741389-c770-4bdc-9e4b-ced6e9ae6d5e", "isDeleted:":"true", "version":"1681796593166"}}
{"logTime": "0427/101254", "correlationVector":"q8iMjO9gHEPkcJOnEqjJsq.15","action":"GetUpdates", "result":"DeleteReceived", "context":{"id":"f56a00b7-6954-4b3c-af3a-a9c0ad7115e2", "isDeleted:":"true", "version":"1681796668457"}}
{"logTime": "0427/101254", "correlationVector":"q8iMjO9gHEPkcJOnEqjJsq.16","action":"GetUpdates", "result":"DeleteReceived", "context":{"id":"46393dfa-f0bc-492f-8264-77abd26cf9ef", "isDeleted:":"true", "version":"1681796923630"}}
{"logTime": "0427/101254", "correlationVector":"q8iMjO9gHEPkcJOnEqjJsq.17","action":"GetUpdates", "result":"DeleteReceived", "context":{"id":"529705f2-d9aa-44fc-9e46-a607c457684e", "isDeleted:":"true", "version":"1681797026098"}}
{"logTime": "0427/101254", "correlationVector":"q8iMjO9gHEPkcJOnEqjJsq.18","action":"GetUpdates", "result":"DeleteReceived", "context":{"id":"808add14-ebff-4137-8c80-907cdcfb1c95", "isDeleted:":"true", "version":"1681797026101"}}
{"logTime": "0427/101254", "correlationVector":"q8iMjO9gHEPkcJOnEqjJsq.19","action":"GetUpdates", "result":"DeleteReceived", "context":{"id":"13de0e88-003f-4f76-8014-f972c3ad05f8", "isDeleted:":"true", "version":"1681797821675"}}
{"logTime": "0427/101254", "correlationVector":"q8iMjO9gHEPkcJOnEqjJsq.20","action":"GetUpdates", "result":"DeleteReceived", "context":{"id":"5461a807-3f6f-4e95-bce2-80f2b5ab7f8a", "isDeleted:":"true", "version":"1681797854123"}}
{"logTime": "0427/101254", "correlationVector":"q8iMjO9gHEPkcJOnEqjJsq.21","action":"GetUpdates", "result":"DeleteReceived", "context":{"id":"f570caab-c0d8-41fc-8e78-0b12ff8dc993", "isDeleted:":"true", "version":"1681797901366"}}
{"logTime": "0427/101254", "correlationVector":"q8iMjO9gHEPkcJOnEqjJsq.22","action":"GetUpdates", "result":"DeleteReceived", "context":{"id":"782ba2ac-132d-4780-a5b6-da86724540c2", "isDeleted:":"true", "version":"1681803918647"}}
{"logTime": "0427/101254", "correlationVector":"q8iMjO9gHEPkcJOnEqjJsq.23","action":"GetUpdates", "result":"DeleteReceived", "context":{"id":"f51caea7-41d7-4113-b738-663505232aa4", "isDeleted:":"true", "version":"1681803950530"}}
{"logTime": "0427/101254", "correlationVector":"q8iMjO9gHEPkcJOnEqjJsq.24","action":"GetUpdates", "result":"DeleteReceived", "context":{"id":"83a55e34-afe0-4a52-8076-56441a26b888", "isDeleted:":"true", "version":"1681806293586"}}
{"logTime": "0427/101254", "correlationVector":"q8iMjO9gHEPkcJOnEqjJsq.25","action":"GetUpdates", "result":"DeleteReceived", "context":{"id":"358a870e-7d31-4444-8ae6-05fbe720ed69", "isDeleted:":"true", "version":"1681816384316"}}
{"logTime": "0427/101254", "correlationVector":"q8iMjO9gHEPkcJOnEqjJsq.26","action":"GetUpdates", "result":"DeleteReceived", "context":{"id":"85cbea1f-8fb7-4dd8-a8cd-9804d187ecd3", "isDeleted:":"true", "version":"1681816440434"}}
{"logTime": "0427/101254", "correlationVector":"q8iMjO9gHEPkcJOnEqjJsq.27","action":"GetUpdates", "result":"DeleteReceived", "context":{"id":"bcc9b94f-579d-412e-b5fe-9bc970aa253f", "isDeleted:":"true", "version":"1681816903458"}}
{"logTime": "0427/101254", "correlationVector":"q8iMjO9gHEPkcJOnEqjJsq.28","action":"GetUpdates", "result":"DeleteReceived", "context":{"id":"8e8ea8d3-0343-4cfc-a170-e2821f2e8dcf", "isDeleted:":"true", "version":"1681816903459"}}
{"logTime": "0427/101254", "correlationVector":"q8iMjO9gHEPkcJOnEqjJsq.29","action":"GetUpdates", "result":"DeleteReceived", "context":{"id":"e7d81837-3426-437b-a0e0-c0c6521d3809", "isDeleted:":"true", "version":"1681825482985"}}
{"logTime": "0427/101254", "correlationVector":"q8iMjO9gHEPkcJOnEqjJsq.30","action":"GetUpdates", "result":"DeleteReceived", "context":{"id":"27574e17-768a-44d9-b614-84ed9974558f", "isDeleted:":"true", "version":"1681825482986"}}
{"logTime": "0427/101254", "correlationVector":"q8iMjO9gHEPkcJOnEqjJsq.31","action":"GetUpdates", "result":"DeleteReceived", "context":{"id":"1fc1655b-50e1-46af-94db-f61032603fcf", "isDeleted:":"true", "version":"1681825482988"}}
{"logTime": "0427/101254", "correlationVector":"q8iMjO9gHEPkcJOnEqjJsq.32","action":"GetUpdates", "result":"DeleteReceived", "context":{"id":"25e2cd40-6e28-4f4f-a418-f8dbae8ba578", "isDeleted:":"true", "version":"1681825482989"}}
{"logTime": "0427/101254", "correlationVector":"q8iMjO9gHEPkcJOnEqjJsq.33","action":"GetUpdates", "result":"DeleteReceived", "context":{"id":"021fc405-343d-4a6e-87fa-d163488b1604", "isDeleted:":"true", "version":"1681825482990"}}
{"logTime": "0427/101254", "correlationVector":"q8iMjO9gHEPkcJOnEqjJsq.34","action":"GetUpdates", "result":"DeleteReceived", "context":{"id":"d308601c-94da-41b5-ab63-bd0782b4cb91", "isDeleted:":"true", "version":"1681825482991"}}
{"logTime": "0427/101254", "correlationVector":"q8iMjO9gHEPkcJOnEqjJsq.35","action":"GetUpdates", "result":"DeleteReceived", "context":{"id":"9a21dafc-344b-4ba0-9dfa-8959f8949cbb", "isDeleted:":"true", "version":"1681825482992"}}
{"logTime": "0427/101254", "correlationVector":"q8iMjO9gHEPkcJOnEqjJsq.36","action":"GetUpdates", "result":"DeleteReceived", "context":{"id":"576eff9b-9071-4908-bed0-756ddb3d0384", "isDeleted:":"true", "version":"1681826028099"}}
{"logTime": "0427/101254", "correlationVector":"q8iMjO9gHEPkcJOnEqjJsq.37","action":"GetUpdates", "result":"DeleteReceived", "context":{"id":"209aa432-3c33-4608-bf3e-aec5d53291d0", "isDeleted:":"true", "version":"1681829156587"}}
{"logTime": "0427/101254", "correlationVector":"q8iMjO9gHEPkcJOnEqjJsq.38","action":"GetUpdates", "result":"DeleteReceived", "context":{"id":"7479959e-b60a-47e4-a8ec-53ea7a4a9b9e", "isDeleted:":"true", "version":"1681829156589"}}
{"logTime": "0427/101254", "correlationVector":"q8iMjO9gHEPkcJOnEqjJsq.39","action":"GetUpdates", "result":"DeleteReceived", "context":{"id":"441411c1-d025-4414-bc42-42ae5f8dff66", "isDeleted:":"true", "version":"1681829171784"}}
{"logTime": "0427/101254", "correlationVector":"q8iMjO9gHEPkcJOnEqjJsq.40","action":"GetUpdates", "result":"DeleteReceived", "context":{"id":"d0f0684b-3607-45d2-8057-975d132981ba", "isDeleted:":"true", "version":"1681829202687"}}
{"logTime": "0427/101254", "correlationVector":"q8iMjO9gHEPkcJOnEqjJsq.41","action":"GetUpdates", "result":"DeleteReceived", "context":{"id":"9f3de711-55fc-4ecc-a9a7-6ae50ca0c8f0", "isDeleted:":"true", "version":"1681874531029"}}
{"logTime": "0427/101254", "correlationVector":"q8iMjO9gHEPkcJOnEqjJsq.42","action":"GetUpdates", "result":"DeleteReceived", "context":{"id":"197255dd-0193-4946-83cd-57b52343100b", "isDeleted:":"true", "version":"1681875218715"}}
{"logTime": "0427/101254", "correlationVector":"q8iMjO9gHEPkcJOnEqjJsq.43","action":"GetUpdates", "result":"DeleteReceived", "context":{"id":"d35e5208-98a6-43f4-878a-42d564a1d5c6", "isDeleted:":"true", "version":"1681875561434"}}
{"logTime": "0427/101254", "correlationVector":"q8iMjO9gHEPkcJOnEqjJsq.44","action":"GetUpdates", "result":"DeleteReceived", "context":{"id":"b46470e2-291b-4921-b34a-f1902d0650f8", "isDeleted:":"true", "version":"1681875561436"}}
{"logTime": "0427/101254", "correlationVector":"q8iMjO9gHEPkcJOnEqjJsq.45","action":"GetUpdates", "result":"DeleteReceived", "context":{"id":"fef59855-9639-4f90-822f-45b28cdd0e3b", "isDeleted:":"true", "version":"1681875896557"}}
{"logTime": "0427/101254", "correlationVector":"q8iMjO9gHEPkcJOnEqjJsq.46","action":"GetUpdates", "result":"DeleteReceived", "context":{"id":"93a7f60e-2ac7-4652-9595-860a9861923b", "isDeleted:":"true", "version":"1681875896558"}}
{"logTime": "0427/101254", "correlationVector":"q8iMjO9gHEPkcJOnEqjJsq.47","action":"GetUpdates", "result":"DeleteReceived", "context":{"id":"81cfa43c-faaf-43ba-8cdf-ca010541ef56", "isDeleted:":"true", "version":"1681875927811"}}
{"logTime": "0427/101254", "correlationVector":"q8iMjO9gHEPkcJOnEqjJsq.48","action":"GetUpdates", "result":"DeleteReceived", "context":{"id":"54891e0c-b536-4a9e-85bf-41704677320d", "isDeleted:":"true", "version":"1681875976273"}}
{"logTime": "0427/101254", "correlationVector":"q8iMjO9gHEPkcJOnEqjJsq.49","action":"GetUpdates", "result":"DeleteReceived", "context":{"id":"ed2529aa-7de6-4d60-8fe1-b6c0cb0cc0e9", "isDeleted:":"true", "version":"1681876048690"}}
{"logTime": "0427/101254", "correlationVector":"q8iMjO9gHEPkcJOnEqjJsq.50","action":"GetUpdates", "result":"DeleteReceived", "context":{"id":"1d94aded-c564-41ee-88ef-4d0f2d16ec51", "isDeleted:":"true", "version":"1681876048692"}}
{"logTime": "0427/101254", "correlationVector":"q8iMjO9gHEPkcJOnEqjJsq.51","action":"GetUpdates", "result":"DeleteReceived", "context":{"id":"974cf3d3-574a-4eed-af83-ea86c38ed32c", "isDeleted:":"true", "version":"1681876048693"}}
{"logTime": "0427/101254", "correlationVector":"q8iMjO9gHEPkcJOnEqjJsq.52","action":"GetUpdates", "result":"DeleteReceived", "context":{"id":"78caaecc-1bfc-49a6-b79f-12f5d9a25415", "isDeleted:":"true", "version":"1681876295548"}}
{"logTime": "0427/101254", "correlationVector":"q8iMjO9gHEPkcJOnEqjJsq.53","action":"GetUpdates", "result":"DeleteReceived", "context":{"id":"ef11b7bc-78af-44ce-9325-13760527a879", "isDeleted:":"true", "version":"1681876295549"}}
{"logTime": "0427/101254", "correlationVector":"q8iMjO9gHEPkcJOnEqjJsq.54","action":"GetUpdates", "result":"DeleteReceived", "context":{"id":"5a86b10b-6755-424e-ae3c-1bebe752ec24", "isDeleted:":"true", "version":"1681876326418"}}
{"logTime": "0427/101254", "correlationVector":"q8iMjO9gHEPkcJOnEqjJsq.55","action":"GetUpdates", "result":"DeleteReceived", "context":{"id":"62161738-9828-427a-9141-a81708656e77", "isDeleted:":"true", "version":"1681876326420"}}
{"logTime": "0427/101255", "correlationVector":"q8iMjO9gHEPkcJOnEqjJsq.56","action":"GetUpdates", "result":"DeleteReceived", "context":{"id":"d776b19c-47a1-4fbf-860b-95175c98b120", "isDeleted:":"true", "version":"1681876370034"}}
{"logTime": "0427/101255", "correlationVector":"q8iMjO9gHEPkcJOnEqjJsq.57","action":"GetUpdates", "result":"DeleteReceived", "context":{"id":"3fe37ffd-4774-4c5e-90e7-3e06efdcd0e5", "isDeleted:":"true", "version":"1681877118209"}}
{"logTime": "0427/101255", "correlationVector":"q8iMjO9gHEPkcJOnEqjJsq.58","action":"GetUpdates", "result":"DeleteReceived", "context":{"id":"faca8c10-945b-4b06-a7f3-c477ca587f90", "isDeleted:":"true", "version":"1681877235770"}}
{"logTime": "0427/101255", "correlationVector":"q8iMjO9gHEPkcJOnEqjJsq.59","action":"GetUpdates", "result":"DeleteReceived", "context":{"id":"4695b772-14cb-4db8-b2e1-65f89c8b738c", "isDeleted:":"true", "version":"1681877235772"}}
{"logTime": "0427/101255", "correlationVector":"q8iMjO9gHEPkcJOnEqjJsq.60","action":"GetUpdates", "result":"DeleteReceived", "context":{"id":"d672138d-5f7f-4ca0-b029-83183ecf35d1", "isDeleted:":"true", "version":"1681880115235"}}
{"logTime": "0427/101255", "correlationVector":"q8iMjO9gHEPkcJOnEqjJsq.61","action":"GetUpdates", "result":"DeleteReceived", "context":{"id":"a721be5d-e65e-4541-bf83-ff32c526d0cb", "isDeleted:":"true", "version":"1681880228030"}}
{"logTime": "0427/101255", "correlationVector":"q8iMjO9gHEPkcJOnEqjJsq.62","action":"GetUpdates", "result":"DeleteReceived", "context":{"id":"3ae82c55-7d14-4c04-86e6-9486f502e1e6", "isDeleted:":"true", "version":"1681880228032"}}
{"logTime": "0427/101255", "correlationVector":"q8iMjO9gHEPkcJOnEqjJsq.63","action":"GetUpdates", "result":"DeleteReceived", "context":{"id":"de0d6200-a203-45ec-9017-3f583f0aabe4", "isDeleted:":"true", "version":"1681880253987"}}
{"logTime": "0427/101255", "correlationVector":"q8iMjO9gHEPkcJOnEqjJsq.64","action":"GetUpdates", "result":"DeleteReceived", "context":{"id":"b9a55e25-2cdb-4de3-834b-124614250b08", "isDeleted:":"true", "version":"1681880253988"}}
{"logTime": "0427/101255", "correlationVector":"q8iMjO9gHEPkcJOnEqjJsq.65","action":"GetUpdates", "result":"DeleteReceived", "context":{"id":"3c4b16e9-5f44-4908-99a9-41b66d99b1fc", "isDeleted:":"true", "version":"1681880253990"}}
{"logTime": "0427/101255", "correlationVector":"q8iMjO9gHEPkcJOnEqjJsq.66","action":"GetUpdates", "result":"DeleteReceived", "context":{"id":"db4ce882-d515-46f1-8395-f8b8b39bbc48", "isDeleted:":"true", "version":"1681880260162"}}
{"logTime": "0427/101255", "correlationVector":"q8iMjO9gHEPkcJOnEqjJsq.67","action":"GetUpdates", "result":"DeleteReceived", "context":{"id":"bcdad9f9-6fb9-436e-927a-3970ba0845fe", "isDeleted:":"true", "version":"1681880631655"}}
{"logTime": "0427/101255", "correlationVector":"q8iMjO9gHEPkcJOnEqjJsq.68","action":"GetUpdates", "result":"DeleteReceived", "context":{"id":"8b4f770c-207f-4d1c-ac28-924f1ca4c98d", "isDeleted:":"true", "version":"1681880631657"}}
{"logTime": "0427/101255", "correlationVector":"q8iMjO9gHEPkcJOnEqjJsq.69","action":"GetUpdates", "result":"DeleteReceived", "context":{"id":"3bf24ac3-7f24-4047-a566-175b867e642e", "isDeleted:":"true", "version":"1681881058504"}}
{"logTime": "0427/101255", "correlationVector":"q8iMjO9gHEPkcJOnEqjJsq.70","action":"GetUpdates", "result":"DeleteReceived", "context":{"id":"40c26af7-80dc-4e5c-9ffb-dd144c718fdc", "isDeleted:":"true", "version":"1681881153829"}}
{"logTime": "0427/101255", "correlationVector":"q8iMjO9gHEPkcJOnEqjJsq.71","action":"GetUpdates", "result":"DeleteReceived", "context":{"id":"48609aee-8b52-4543-a7a7-09e17ac9d2c7", "isDeleted:":"true", "version":"1681881153832"}}
{"logTime": "0427/101255", "correlationVector":"q8iMjO9gHEPkcJOnEqjJsq.72","action":"GetUpdates", "result":"DeleteReceived", "context":{"id":"720ea979-36ae-4224-be50-0602c994682b", "isDeleted:":"true", "version":"1681881153833"}}
{"logTime": "0427/101255", "correlationVector":"q8iMjO9gHEPkcJOnEqjJsq.73","action":"GetUpdates", "result":"DeleteReceived", "context":{"id":"34630a3a-9dc7-488d-89bb-3862783105fa", "isDeleted:":"true", "version":"1681881226408"}}
{"logTime": "0427/101255", "correlationVector":"q8iMjO9gHEPkcJOnEqjJsq.74","action":"GetUpdates", "result":"DeleteReceived", "context":{"id":"8911bc21-6ddb-4d29-a7af-a8e2d7135f9e", "isDeleted:":"true", "version":"1681881411498"}}
{"logTime": "0427/101255", "correlationVector":"q8iMjO9gHEPkcJOnEqjJsq.75","action":"GetUpdates", "result":"DeleteReceived", "context":{"id":"2be0922c-6e2c-48fe-8b31-2b27a65d460d", "isDeleted:":"true", "version":"1681881548766"}}
{"logTime": "0427/101255", "correlationVector":"q8iMjO9gHEPkcJOnEqjJsq.76","action":"GetUpdates", "result":"DeleteReceived", "context":{"id":"f2114e35-4864-433b-be4d-51485eedec35", "isDeleted:":"true", "version":"1681881745882"}}
{"logTime": "0427/101255", "correlationVector":"q8iMjO9gHEPkcJOnEqjJsq.77","action":"GetUpdates", "result":"DeleteReceived", "context":{"id":"e6ad6db8-0418-4fa0-86ed-75adae7d56d7", "isDeleted:":"true", "version":"1681883114384"}}
{"logTime": "0427/101255", "correlationVector":"q8iMjO9gHEPkcJOnEqjJsq.78","action":"GetUpdates", "result":"DeleteReceived", "context":{"id":"e4ca0157-ed31-43ec-9dd0-eeb0ebc802c5", "isDeleted:":"true", "version":"1681883651358"}}
{"logTime": "0427/101255", "correlationVector":"q8iMjO9gHEPkcJOnEqjJsq.79","action":"GetUpdates", "result":"DeleteReceived", "context":{"id":"33decc2d-95bd-46e0-8906-bf7a04ad727a", "isDeleted:":"true", "version":"1681891227980"}}
{"logTime": "0427/101255", "correlationVector":"q8iMjO9gHEPkcJOnEqjJsq.80","action":"GetUpdates", "result":"DeleteReceived", "context":{"id":"3bba9413-7121-4d98-a9e3-dca9f97f9b51", "isDeleted:":"true", "version":"1681891227982"}}
{"logTime": "0427/101255", "correlationVector":"q8iMjO9gHEPkcJOnEqjJsq.81","action":"GetUpdates", "result":"DeleteReceived", "context":{"id":"a5180ce4-54bb-476e-88d7-1d1a0c52782c", "isDeleted:":"true", "version":"1681891329187"}}
{"logTime": "0427/101255", "correlationVector":"q8iMjO9gHEPkcJOnEqjJsq.82","action":"GetUpdates", "result":"DeleteReceived", "context":{"id":"b78bcb82-9b1f-458f-9e4c-0df71ee76916", "isDeleted:":"true", "version":"1681891329190"}}
{"logTime": "0427/101255", "correlationVector":"q8iMjO9gHEPkcJOnEqjJsq.83","action":"GetUpdates", "result":"DeleteReceived", "context":{"id":"d9b89ce3-7225-4518-9ced-c6e893504ffd", "isDeleted:":"true", "version":"1681891329191"}}
{"logTime": "0427/101255", "correlationVector":"q8iMjO9gHEPkcJOnEqjJsq.84","action":"GetUpdates", "result":"DeleteReceived", "context":{"id":"7cabc35e-2376-4a8b-9659-1e4f6c81ab9f", "isDeleted:":"true", "version":"1681891506970"}}
{"logTime": "0427/101255", "correlationVector":"q8iMjO9gHEPkcJOnEqjJsq.85","action":"GetUpdates", "result":"DeleteReceived", "context":{"id":"e3f6234f-adf9-4f07-b711-ebae1c518feb", "isDeleted:":"true", "version":"1681897787574"}}
{"logTime": "0427/101255", "correlationVector":"q8iMjO9gHEPkcJOnEqjJsq.86","action":"GetUpdates", "result":"DeleteReceived", "context":{"id":"d2d79a68-214b-4dab-a687-3ccf886b7cec", "isDeleted:":"true", "version":"1681901199517"}}
{"logTime": "0427/101255", "correlationVector":"q8iMjO9gHEPkcJOnEqjJsq.87","action":"GetUpdates", "result":"DeleteReceived", "context":{"id":"d644c720-1766-4f44-82c0-dfbef53aeb8d", "isDeleted:":"true", "version":"1681901353615"}}
{"logTime": "0427/101255", "correlationVector":"q8iMjO9gHEPkcJOnEqjJsq.88","action":"GetUpdates", "result":"DeleteReceived", "context":{"id":"a075ee72-37ac-4c37-88bc-1b13fefad028", "isDeleted:":"true", "version":"1681901556689"}}
{"logTime": "0427/101255", "correlationVector":"q8iMjO9gHEPkcJOnEqjJsq.89","action":"GetUpdates", "result":"DeleteReceived", "context":{"id":"5282994d-04c7-4a11-bc20-f32812a07ea0", "isDeleted:":"true", "version":"1681901662933"}}
{"logTime": "0427/101255", "correlationVector":"q8iMjO9gHEPkcJOnEqjJsq.90","action":"GetUpdates", "result":"DeleteReceived", "context":{"id":"b0c1f93f-e238-4c4d-9f56-61ee75be6600", "isDeleted:":"true", "version":"1681901979160"}}
{"logTime": "0427/101255", "correlationVector":"q8iMjO9gHEPkcJOnEqjJsq.91","action":"GetUpdates", "result":"DeleteReceived", "context":{"id":"7fc180be-0d58-4f61-abf1-8edc76352f23", "isDeleted:":"true", "version":"1681902011198"}}
{"logTime": "0427/101255", "correlationVector":"q8iMjO9gHEPkcJOnEqjJsq.92","action":"GetUpdates", "result":"DeleteReceived", "context":{"id":"094f2564-f3b4-466a-8edc-90dee89060e3", "isDeleted:":"true", "version":"1681902042590"}}
{"logTime": "0427/101255", "correlationVector":"q8iMjO9gHEPkcJOnEqjJsq.93","action":"GetUpdates", "result":"DeleteReceived", "context":{"id":"6f4e5cee-98d6-45b0-8677-924a68a23417", "isDeleted:":"true", "version":"1681902081217"}}
{"logTime": "0427/101255", "correlationVector":"q8iMjO9gHEPkcJOnEqjJsq.94","action":"GetUpdates", "result":"DeleteReceived", "context":{"id":"86a68b40-6fe3-4c3d-bb4e-a4a83b29f32e", "isDeleted:":"true", "version":"1681902116378"}}
{"logTime": "0427/101255", "correlationVector":"q8iMjO9gHEPkcJOnEqjJsq.95","action":"GetUpdates", "result":"DeleteReceived", "context":{"id":"c56c3aa3-a68f-4df9-8d93-2194f60ef48f", "isDeleted:":"true", "version":"1681902772069"}}
{"logTime": "0427/101255", "correlationVector":"q8iMjO9gHEPkcJOnEqjJsq.96","action":"GetUpdates", "result":"DeleteReceived", "context":{"id":"5b3554e3-461a-4f2f-a195-00d59641a130", "isDeleted:":"true", "version":"1681902772071"}}
{"logTime": "0427/101255", "correlationVector":"q8iMjO9gHEPkcJOnEqjJsq.97","action":"GetUpdates", "result":"DeleteReceived", "context":{"id":"8d4ab42b-40f9-4b42-81da-5e81890a3aef", "isDeleted:":"true", "version":"1681902772072"}}
{"logTime": "0427/101255", "correlationVector":"q8iMjO9gHEPkcJOnEqjJsq.98","action":"GetUpdates", "result":"DeleteReceived", "context":{"id":"ae6fab9c-4ade-4127-b11f-ecb48fc9d9a6", "isDeleted:":"true", "version":"1681902878892"}}
{"logTime": "0427/101255", "correlationVector":"q8iMjO9gHEPkcJOnEqjJsq.99","action":"GetUpdates", "result":"DeleteReceived", "context":{"id":"87fa7869-285a-4fd8-ba4e-6236c4cad856", "isDeleted:":"true", "version":"1681910953783"}}
{"logTime": "0427/101255", "correlationVector":"q8iMjO9gHEPkcJOnEqjJsq.100","action":"GetUpdates", "result":"DeleteReceived", "context":{"id":"ad8f86d8-b7ba-43b1-aa34-5ecbba619181", "isDeleted:":"true", "version":"1681915330206"}}
{"logTime": "0427/101255", "correlationVector":"q8iMjO9gHEPkcJOnEqjJsq.101","action":"GetUpdates", "result":"DeleteReceived", "context":{"id":"580739b1-b8b8-4eaf-8639-d796179f3e30", "isDeleted:":"true", "version":"1681915821993"}}
{"logTime": "0427/101255", "correlationVector":"q8iMjO9gHEPkcJOnEqjJsq.102","action":"GetUpdates", "result":"DeleteReceived", "context":{"id":"a39a8b99-e736-447a-ad30-0a8c07f5585d", "isDeleted:":"true", "version":"1681915821995"}}
{"logTime": "0427/101255", "correlationVector":"q8iMjO9gHEPkcJOnEqjJsq.103","action":"GetUpdates", "result":"DeleteReceived", "context":{"id":"4d1f2ee4-915d-42d8-80ee-dfa69d469f18", "isDeleted:":"true", "version":"1681916057614"}}
{"logTime": "0427/101255", "correlationVector":"q8iMjO9gHEPkcJOnEqjJsq.104","action":"GetUpdates", "result":"DeleteReceived", "context":{"id":"65ceacb0-3439-4127-8d2e-0c30b11b967c", "isDeleted:":"true", "version":"1681916522119"}}
{"logTime": "0427/101255", "correlationVector":"q8iMjO9gHEPkcJOnEqjJsq.105","action":"GetUpdates", "result":"DeleteReceived", "context":{"id":"79ca2bc9-4ba2-493b-9da0-0da973c981b2", "isDeleted:":"true", "version":"1681916522121"}}
{"logTime": "0427/101255", "correlationVector":"q8iMjO9gHEPkcJOnEqjJsq.106","action":"GetUpdates", "result":"DeleteReceived", "context":{"id":"7171ccd7-338e-44a4-9142-818bf9762d05", "isDeleted:":"true", "version":"1681916522122"}}
{"logTime": "0427/101255", "correlationVector":"q8iMjO9gHEPkcJOnEqjJsq.107","action":"GetUpdates", "result":"DeleteReceived", "context":{"id":"ffac929d-901b-4d0d-9687-9252c29e69c6", "isDeleted:":"true", "version":"1681916522123"}}
{"logTime": "0427/101255", "correlationVector":"q8iMjO9gHEPkcJOnEqjJsq.108","action":"GetUpdates", "result":"DeleteReceived", "context":{"id":"b27cbe53-2086-453d-adf1-3f753fa4ea90", "isDeleted:":"true", "version":"1681917409039"}}
{"logTime": "0427/101255", "correlationVector":"q8iMjO9gHEPkcJOnEqjJsq.109","action":"GetUpdates", "result":"DeleteReceived", "context":{"id":"725edf8f-16dc-4e1e-b741-14e78e86e275", "isDeleted:":"true", "version":"1681917692658"}}
{"logTime": "0427/101255", "correlationVector":"q8iMjO9gHEPkcJOnEqjJsq.110","action":"GetUpdates", "result":"DeleteReceived", "context":{"id":"ae2c578e-164d-4b64-be1d-3abf60aa480d", "isDeleted:":"true", "version":"1681918133426"}}
{"logTime": "0427/101255", "correlationVector":"q8iMjO9gHEPkcJOnEqjJsq.111","action":"GetUpdates", "result":"DeleteReceived", "context":{"id":"2bd2723f-203c-4f33-be1a-41e3ac2b5fc0", "isDeleted:":"true", "version":"1681918133427"}}
{"logTime": "0427/101255", "correlationVector":"q8iMjO9gHEPkcJOnEqjJsq.112","action":"GetUpdates", "result":"DeleteReceived", "context":{"id":"e396ae29-3749-4dbf-92a3-0be64261c5fe", "isDeleted:":"true", "version":"1681918493356"}}
{"logTime": "0427/101255", "correlationVector":"q8iMjO9gHEPkcJOnEqjJsq.113","action":"GetUpdates", "result":"DeleteReceived", "context":{"id":"dda7f17b-7fa0-4bc1-9658-147cbe2dd1bb", "isDeleted:":"true", "version":"1681918493358"}}
{"logTime": "0427/101255", "correlationVector":"q8iMjO9gHEPkcJOnEqjJsq.114","action":"GetUpdates", "result":"DeleteReceived", "context":{"id":"aae09723-2d0f-4d91-9ee6-bd1fb89c92c8", "isDeleted:":"true", "version":"1681918493359"}}
{"logTime": "0427/101255", "correlationVector":"q8iMjO9gHEPkcJOnEqjJsq.115","action":"GetUpdates", "result":"DeleteReceived", "context":{"id":"4711adf3-0c42-4bf6-8918-c454d417d781", "isDeleted:":"true", "version":"1681918493360"}}
{"logTime": "0427/101255", "correlationVector":"q8iMjO9gHEPkcJOnEqjJsq.116","action":"GetUpdates", "result":"DeleteReceived", "context":{"id":"a33f0375-e1d0-4b34-8513-e9ec053d9017", "isDeleted:":"true", "version":"1681918570168"}}
{"logTime": "0427/101255", "correlationVector":"q8iMjO9gHEPkcJOnEqjJsq.117","action":"GetUpdates", "result":"DeleteReceived", "context":{"id":"4b4355c0-033a-41a1-a275-7a3487b732f8", "isDeleted:":"true", "version":"1681918570169"}}
{"logTime": "0427/101255", "correlationVector":"q8iMjO9gHEPkcJOnEqjJsq.118","action":"GetUpdates", "result":"DeleteReceived", "context":{"id":"a6bb2c67-cd3a-4f85-a8e4-cba909f9b381", "isDeleted:":"true", "version":"1681918570170"}}
{"logTime": "0427/101255", "correlationVector":"q8iMjO9gHEPkcJOnEqjJsq.119","action":"GetUpdates", "result":"DeleteReceived", "context":{"id":"99bd04b4-0a48-4ede-9e91-3a8c1dda75c9", "isDeleted:":"true", "version":"1681920317998"}}
{"logTime": "0427/101255", "correlationVector":"q8iMjO9gHEPkcJOnEqjJsq.120","action":"GetUpdates", "result":"DeleteReceived", "context":{"id":"2ab57ed0-1f28-4567-811f-363618616636", "isDeleted:":"true", "version":"1681920399878"}}
{"logTime": "0427/101255", "correlationVector":"q8iMjO9gHEPkcJOnEqjJsq.121","action":"GetUpdates", "result":"DeleteReceived", "context":{"id":"9bf8cade-9a5f-4a98-bc2c-948068bfb0eb", "isDeleted:":"true", "version":"1681962053784"}}
{"logTime": "0427/101255", "correlationVector":"q8iMjO9gHEPkcJOnEqjJsq.122","action":"GetUpdates", "result":"DeleteReceived", "context":{"id":"d41a3a5e-798c-4ac9-bf70-367f76a5539d", "isDeleted:":"true", "version":"1681965176588"}}
{"logTime": "0427/101255", "correlationVector":"q8iMjO9gHEPkcJOnEqjJsq.123","action":"GetUpdates", "result":"DeleteReceived", "context":{"id":"ec3cabfc-5de8-474b-94ee-7e5028cf004c", "isDeleted:":"true", "version":"1681966216437"}}
{"logTime": "0427/101255", "correlationVector":"q8iMjO9gHEPkcJOnEqjJsq.124","action":"GetUpdates", "result":"DeleteReceived", "context":{"id":"65c59565-5348-40aa-9da3-292c4b556cd5", "isDeleted:":"true", "version":"1681966216440"}}
{"logTime": "0427/101255", "correlationVector":"q8iMjO9gHEPkcJOnEqjJsq.125","action":"GetUpdates", "result":"DeleteReceived", "context":{"id":"d25d7df7-50e5-4c36-8785-de7d944c59e7", "isDeleted:":"true", "version":"1681968587471"}}
{"logTime": "0427/101255", "correlationVector":"q8iMjO9gHEPkcJOnEqjJsq.126","action":"GetUpdates", "result":"DeleteReceived", "context":{"id":"9ee98833-e6c9-47ea-bfee-d43f44bc02f3", "isDeleted:":"true", "version":"1681968587472"}}
{"logTime": "0427/101255", "correlationVector":"q8iMjO9gHEPkcJOnEqjJsq.127","action":"GetUpdates", "result":"DeleteReceived", "context":{"id":"6cd7ec93-8330-4678-9179-07cc0a8aefdf", "isDeleted:":"true", "version":"1681968587474"}}
{"logTime": "0427/101255", "correlationVector":"q8iMjO9gHEPkcJOnEqjJsq.128","action":"GetUpdates", "result":"DeleteReceived", "context":{"id":"bb2985b7-588a-4ef6-a927-b57cc9efc8f1", "isDeleted:":"true", "version":"1681968587475"}}
{"logTime": "0427/101255", "correlationVector":"q8iMjO9gHEPkcJOnEqjJsq.129","action":"GetUpdates", "result":"DeleteReceived", "context":{"id":"4151aef9-bed7-463d-ba1a-33c26f416a68", "isDeleted:":"true", "version":"1681969488466"}}
{"logTime": "0427/101255", "correlationVector":"q8iMjO9gHEPkcJOnEqjJsq.130","action":"GetUpdates", "result":"DeleteReceived", "context":{"id":"bf6ed606-7435-4957-97fa-7d808e0ae58b", "isDeleted:":"true", "version":"1681969488468"}}
{"logTime": "0427/101255", "correlationVector":"q8iMjO9gHEPkcJOnEqjJsq.131","action":"GetUpdates", "result":"DeleteReceived", "context":{"id":"8d874d14-4c65-4f11-a6d2-04dad1017816", "isDeleted:":"true", "version":"1681970238737"}}
{"logTime": "0427/101255", "correlationVector":"q8iMjO9gHEPkcJOnEqjJsq.132","action":"GetUpdates", "result":"DeleteReceived", "context":{"id":"9fa24e52-77cd-4334-ba5f-8d72e4ff9831", "isDeleted:":"true", "version":"1681970238738"}}
{"logTime": "0427/101255", "correlationVector":"q8iMjO9gHEPkcJOnEqjJsq.133","action":"GetUpdates", "result":"DeleteReceived", "context":{"id":"d037ca6e-4d1d-4a07-8dec-ba348a856f3f", "isDeleted:":"true", "version":"1681981263986"}}
{"logTime": "0427/101255", "correlationVector":"q8iMjO9gHEPkcJOnEqjJsq.134","action":"GetUpdates", "result":"DeleteReceived", "context":{"id":"c5638283-ef68-4fd1-bf2d-7ad72d5fef13", "isDeleted:":"true", "version":"1681981267009"}}
{"logTime": "0427/101255", "correlationVector":"q8iMjO9gHEPkcJOnEqjJsq.135","action":"GetUpdates", "result":"DeleteReceived", "context":{"id":"c28bc28e-59f4-469b-93b6-0b28b71d908f", "isDeleted:":"true", "version":"1681981839728"}}
{"logTime": "0427/101255", "correlationVector":"q8iMjO9gHEPkcJOnEqjJsq.136","action":"GetUpdates", "result":"DeleteReceived", "context":{"id":"e91190a4-dd42-4ce1-aa23-759dd7b01303", "isDeleted:":"true", "version":"1681981839729"}}
{"logTime": "0427/101255", "correlationVector":"q8iMjO9gHEPkcJOnEqjJsq.137","action":"GetUpdates", "result":"DeleteReceived", "context":{"id":"eb3cd69b-69ba-4a77-a29a-88c1fe79097b", "isDeleted:":"true", "version":"1681983239201"}}
{"logTime": "0427/101255", "correlationVector":"q8iMjO9gHEPkcJOnEqjJsq.138","action":"GetUpdates", "result":"DeleteReceived", "context":{"id":"8690a947-ee0c-421b-b869-f949e77b2317", "isDeleted:":"true", "version":"1682007262189"}}
{"logTime": "0427/101255", "correlationVector":"q8iMjO9gHEPkcJOnEqjJsq.139","action":"GetUpdates", "result":"DeleteReceived", "context":{"id":"6efebb59-35d3-4aa1-b430-83ccba47f7e7", "isDeleted:":"true", "version":"1682007262191"}}
{"logTime": "0427/101255", "correlationVector":"q8iMjO9gHEPkcJOnEqjJsq.140","action":"GetUpdates", "result":"DeleteReceived", "context":{"id":"4d14e6c0-f637-4f98-8652-96fe5c594087", "isDeleted:":"true", "version":"1682007262192"}}
{"logTime": "0427/101255", "correlationVector":"q8iMjO9gHEPkcJOnEqjJsq.141","action":"GetUpdates", "result":"DeleteReceived", "context":{"id":"1ba557bf-fca4-441b-8d19-72ce09647933", "isDeleted:":"true", "version":"1682007347788"}}
{"logTime": "0427/101255", "correlationVector":"q8iMjO9gHEPkcJOnEqjJsq.142","action":"GetUpdates", "result":"DeleteReceived", "context":{"id":"83d333cd-fa3b-4e1c-bef0-347fafbc6208", "isDeleted:":"true", "version":"1682007392584"}}
{"logTime": "0427/101255", "correlationVector":"q8iMjO9gHEPkcJOnEqjJsq.143","action":"GetUpdates", "result":"DeleteReceived", "context":{"id":"158017be-a297-464d-bf94-ff192a955c94", "isDeleted:":"true", "version":"1682007392585"}}
{"logTime": "0427/101255", "correlationVector":"q8iMjO9gHEPkcJOnEqjJsq.144","action":"GetUpdates", "result":"DeleteReceived", "context":{"id":"b4b1e330-3e58-4a6a-bc29-69fb41b9cb68", "isDeleted:":"true", "version":"1682007484518"}}
{"logTime": "0427/101255", "correlationVector":"q8iMjO9gHEPkcJOnEqjJsq.145","action":"GetUpdates", "result":"DeleteReceived", "context":{"id":"29a974ea-d2fc-444f-8fd1-e8ae952f0b10", "isDeleted:":"true", "version":"1682007554823"}}
{"logTime": "0427/101255", "correlationVector":"q8iMjO9gHEPkcJOnEqjJsq.146","action":"GetUpdates", "result":"DeleteReceived", "context":{"id":"2f075688-129c-43ac-bd2f-723b608fc155", "isDeleted:":"true", "version":"1682007867179"}}
{"logTime": "0427/101255", "correlationVector":"q8iMjO9gHEPkcJOnEqjJsq.147","action":"GetUpdates", "result":"DeleteReceived", "context":{"id":"f561ffe1-39d8-4eba-b45f-2cb2535d7d5e", "isDeleted:":"true", "version":"1682008134378"}}
{"logTime": "0427/101255", "correlationVector":"q8iMjO9gHEPkcJOnEqjJsq.148","action":"GetUpdates", "result":"DeleteReceived", "context":{"id":"1d0953b1-c842-423b-abd4-ff4d3d390c72", "isDeleted:":"true", "version":"1682008178311"}}
{"logTime": "0427/101255", "correlationVector":"q8iMjO9gHEPkcJOnEqjJsq.149","action":"GetUpdates", "result":"DeleteReceived", "context":{"id":"7cacb370-e14f-44c9-958b-fab4dbd62795", "isDeleted:":"true", "version":"1682008435277"}}
{"logTime": "0427/101255", "correlationVector":"q8iMjO9gHEPkcJOnEqjJsq.150","action":"GetUpdates", "result":"DeleteReceived", "context":{"id":"3eed0086-7101-4901-94ec-5c27368ea236", "isDeleted:":"true", "version":"1682008502247"}}
{"logTime": "0427/101255", "correlationVector":"q8iMjO9gHEPkcJOnEqjJsq.151","action":"GetUpdates", "result":"DeleteReceived", "context":{"id":"74085d3b-2d2e-4b4b-8f8a-ef2262fd1ad5", "isDeleted:":"true", "version":"1682009053913"}}
{"logTime": "0427/101255", "correlationVector":"q8iMjO9gHEPkcJOnEqjJsq.152","action":"GetUpdates", "result":"DeleteReceived", "context":{"id":"bd505aac-a8a4-4d5f-bde7-bd099364d3d4", "isDeleted:":"true", "version":"1682040453265"}}
{"logTime": "0427/101255", "correlationVector":"q8iMjO9gHEPkcJOnEqjJsq.153","action":"GetUpdates", "result":"DeleteReceived", "context":{"id":"d37d1a26-3f24-4233-8883-d39e8070a05a", "isDeleted:":"true", "version":"1682044473279"}}
{"logTime": "0427/101255", "correlationVector":"q8iMjO9gHEPkcJOnEqjJsq.154","action":"GetUpdates", "result":"DeleteReceived", "context":{"id":"7aadc5ce-dc22-4707-8c06-bd1455c79dbd", "isDeleted:":"true", "version":"1682044473281"}}
{"logTime": "0427/101255", "correlationVector":"q8iMjO9gHEPkcJOnEqjJsq.155","action":"GetUpdates", "result":"DeleteReceived", "context":{"id":"b03d4a24-312f-4584-b5b8-6b995c44a35e", "isDeleted:":"true", "version":"1682044547873"}}
{"logTime": "0427/101255", "correlationVector":"q8iMjO9gHEPkcJOnEqjJsq.156","action":"GetUpdates", "result":"DeleteReceived", "context":{"id":"d862e5e0-c261-4955-b67d-93d4546b4c1d", "isDeleted:":"true", "version":"1682044591390"}}
{"logTime": "0427/101255", "correlationVector":"q8iMjO9gHEPkcJOnEqjJsq.157","action":"GetUpdates", "result":"DeleteReceived", "context":{"id":"c474a880-3054-403e-a08e-6e9bd54ecfdc", "isDeleted:":"true", "version":"1682044739635"}}
{"logTime": "0427/101255", "correlationVector":"q8iMjO9gHEPkcJOnEqjJsq.158","action":"GetUpdates", "result":"DeleteReceived", "context":{"id":"524ec45f-aeb5-4b68-8689-2b92ca087363", "isDeleted:":"true", "version":"1682049280414"}}
{"logTime": "0427/101255", "correlationVector":"q8iMjO9gHEPkcJOnEqjJsq.159","action":"GetUpdates", "result":"DeleteReceived", "context":{"id":"7495556a-0bb0-4c69-9987-c6a3cf9c9fdc", "isDeleted:":"true", "version":"1682049280416"}}
{"logTime": "0427/101255", "correlationVector":"q8iMjO9gHEPkcJOnEqjJsq.160","action":"GetUpdates", "result":"DeleteReceived", "context":{"id":"a65b5ad2-73df-4b16-81d1-b14981c03e28", "isDeleted:":"true", "version":"1682049280417"}}
{"logTime": "0427/101255", "correlationVector":"q8iMjO9gHEPkcJOnEqjJsq.161","action":"GetUpdates", "result":"DeleteReceived", "context":{"id":"369135a9-b499-491c-b22b-4c86c46e0ca2", "isDeleted:":"true", "version":"1682049280418"}}
{"logTime": "0427/101255", "correlationVector":"q8iMjO9gHEPkcJOnEqjJsq.162","action":"GetUpdates", "result":"DeleteReceived", "context":{"id":"d6e3b89e-e183-4f51-bba8-39cabbec82bc", "isDeleted:":"true", "version":"1682049408379"}}
{"logTime": "0427/101255", "correlationVector":"q8iMjO9gHEPkcJOnEqjJsq.163","action":"GetUpdates", "result":"DeleteReceived", "context":{"id":"b7f8562f-9d76-4d10-b467-feb0b4c5d51f", "isDeleted:":"true", "version":"1681793925556"}}
{"logTime": "0427/101255", "correlationVector":"q8iMjO9gHEPkcJOnEqjJsq.164","action":"GetUpdates Response", "result":"SERVER_MORE_TO_DOWNLOAD", "context":Received 250 update(s).  Some updates remain.}
{"logTime": "0427/101255", "correlationVector":"dxtVrU5PRfjkm8oaAmLWFV","action":"Initial GetUpdates", "result":"", "context":Reason: NEWLY_SUPPORTED_DATATYPE. cV=dxtVrU5PRfjkm8oaAmLWFV}
{"logTime": "0427/101256", "correlationVector":"dxtVrU5PRfjkm8oaAmLWFV.1","action":"SyncServerConnectionManagerRequest", "result":"SYNC_SERVER_OK", "context":{"environment":"Prod_SoutheastAsia_000j", "migrationStage":"NotStarted", "server":"GENERAL0100000M"}}
{"logTime": "0427/101256", "correlationVector":"dxtVrU5PRfjkm8oaAmLWFV.2","action":"GetUpdates", "result":"DeleteReceived", "context":{"id":"a91412b6-d948-47e5-8a7a-9ff9759cdec7", "isDeleted:":"true", "version":"1682315654034"}}
{"logTime": "0427/101256", "correlationVector":"dxtVrU5PRfjkm8oaAmLWFV.3","action":"GetUpdates", "result":"DeleteReceived", "context":{"id":"52a294a1-831e-4326-84a2-b385dd7378f8", "isDeleted:":"true", "version":"1682057902756"}}
{"logTime": "0427/101256", "correlationVector":"dxtVrU5PRfjkm8oaAmLWFV.4","action":"GetUpdates", "result":"DeleteReceived", "context":{"id":"6ada00db-ce02-4139-bbd8-c594937280ba", "isDeleted:":"true", "version":"1682057902758"}}
{"logTime": "0427/101256", "correlationVector":"dxtVrU5PRfjkm8oaAmLWFV.5","action":"GetUpdates", "result":"DeleteReceived", "context":{"id":"7b3db251-3ca1-4e9b-ba39-dd16d00aaa70", "isDeleted:":"true", "version":"1682065417722"}}
{"logTime": "0427/101256", "correlationVector":"dxtVrU5PRfjkm8oaAmLWFV.6","action":"GetUpdates", "result":"DeleteReceived", "context":{"id":"e985ed5d-4d2d-4a17-bb90-39d0a6d2eb02", "isDeleted:":"true", "version":"1682065519472"}}
{"logTime": "0427/101256", "correlationVector":"dxtVrU5PRfjkm8oaAmLWFV.7","action":"GetUpdates", "result":"DeleteReceived", "context":{"id":"572c7365-383c-4b6a-9f9a-d0c385d613f8", "isDeleted:":"true", "version":"1682065519474"}}
{"logTime": "0427/101256", "correlationVector":"dxtVrU5PRfjkm8oaAmLWFV.8","action":"GetUpdates", "result":"DeleteReceived", "context":{"id":"8b4dbda9-2564-406c-90ca-2f8f2c9c1a37", "isDeleted:":"true", "version":"1682065550585"}}
{"logTime": "0427/101256", "correlationVector":"dxtVrU5PRfjkm8oaAmLWFV.9","action":"GetUpdates", "result":"DeleteReceived", "context":{"id":"1c111eed-8d71-465e-b203-dd1debd4e026", "isDeleted:":"true", "version":"1682065550586"}}
{"logTime": "0427/101256", "correlationVector":"dxtVrU5PRfjkm8oaAmLWFV.10","action":"GetUpdates", "result":"DeleteReceived", "context":{"id":"c3e583d7-4b5b-40ff-a4ce-41ff351bcf65", "isDeleted:":"true", "version":"1682065550588"}}
{"logTime": "0427/101256", "correlationVector":"dxtVrU5PRfjkm8oaAmLWFV.11","action":"GetUpdates", "result":"DeleteReceived", "context":{"id":"a33d3e0d-b541-43e9-b710-8591cdc3aa8c", "isDeleted:":"true", "version":"1682065616487"}}
{"logTime": "0427/101256", "correlationVector":"dxtVrU5PRfjkm8oaAmLWFV.12","action":"GetUpdates", "result":"DeleteReceived", "context":{"id":"6ebfaf7c-9de4-4d3c-aa5d-dc935cc5e09b", "isDeleted:":"true", "version":"1682065616490"}}
{"logTime": "0427/101256", "correlationVector":"dxtVrU5PRfjkm8oaAmLWFV.13","action":"GetUpdates", "result":"DeleteReceived", "context":{"id":"48bc4b5b-108d-4148-b293-3f1e92a75218", "isDeleted:":"true", "version":"1682065693923"}}
{"logTime": "0427/101256", "correlationVector":"dxtVrU5PRfjkm8oaAmLWFV.14","action":"GetUpdates", "result":"DeleteReceived", "context":{"id":"8bbf641e-99cb-4879-9eec-416db865c0ac", "isDeleted:":"true", "version":"1682065729082"}}
{"logTime": "0427/101256", "correlationVector":"dxtVrU5PRfjkm8oaAmLWFV.15","action":"GetUpdates", "result":"DeleteReceived", "context":{"id":"e2223bfa-b2c3-4090-ade4-70b597c31488", "isDeleted:":"true", "version":"1682065729083"}}
{"logTime": "0427/101256", "correlationVector":"dxtVrU5PRfjkm8oaAmLWFV.16","action":"GetUpdates", "result":"DeleteReceived", "context":{"id":"77549c91-ba93-4c43-ab4f-206dc948620c", "isDeleted:":"true", "version":"1682065759962"}}
{"logTime": "0427/101256", "correlationVector":"dxtVrU5PRfjkm8oaAmLWFV.17","action":"GetUpdates", "result":"DeleteReceived", "context":{"id":"531bd684-a0e0-46b2-8ead-b84770efc271", "isDeleted:":"true", "version":"1682065858253"}}
{"logTime": "0427/101256", "correlationVector":"dxtVrU5PRfjkm8oaAmLWFV.18","action":"GetUpdates", "result":"DeleteReceived", "context":{"id":"d6a79aab-f719-474c-86d4-a91d3f83e040", "isDeleted:":"true", "version":"1682065891939"}}
{"logTime": "0427/101256", "correlationVector":"dxtVrU5PRfjkm8oaAmLWFV.19","action":"GetUpdates", "result":"DeleteReceived", "context":{"id":"88426a48-6b37-4825-a1f0-f53892e6578e", "isDeleted:":"true", "version":"1682065891941"}}
{"logTime": "0427/101256", "correlationVector":"dxtVrU5PRfjkm8oaAmLWFV.20","action":"GetUpdates", "result":"DeleteReceived", "context":{"id":"65246de3-7f31-4a11-8261-a9ff04cab33f", "isDeleted:":"true", "version":"1682066037015"}}
{"logTime": "0427/101256", "correlationVector":"dxtVrU5PRfjkm8oaAmLWFV.21","action":"GetUpdates", "result":"DeleteReceived", "context":{"id":"45638504-71e6-40d4-a1ff-1675d1a2e6f4", "isDeleted:":"true", "version":"1682066037017"}}
{"logTime": "0427/101256", "correlationVector":"dxtVrU5PRfjkm8oaAmLWFV.22","action":"GetUpdates", "result":"DeleteReceived", "context":{"id":"85c9f2d4-d017-4568-8ab8-25fe412865e9", "isDeleted:":"true", "version":"1682094844314"}}
{"logTime": "0427/101256", "correlationVector":"dxtVrU5PRfjkm8oaAmLWFV.23","action":"GetUpdates", "result":"DeleteReceived", "context":{"id":"d4cf22a5-6807-4593-8ab7-a81ee2f43adf", "isDeleted:":"true", "version":"1682094933258"}}
{"logTime": "0427/101256", "correlationVector":"dxtVrU5PRfjkm8oaAmLWFV.24","action":"GetUpdates", "result":"DeleteReceived", "context":{"id":"51184871-9f36-434e-95fd-fa65f007dadb", "isDeleted:":"true", "version":"1682095799604"}}
{"logTime": "0427/101256", "correlationVector":"dxtVrU5PRfjkm8oaAmLWFV.25","action":"GetUpdates", "result":"DeleteReceived", "context":{"id":"be02f004-7614-45e1-8671-a88bd251575b", "isDeleted:":"true", "version":"1682095834294"}}
{"logTime": "0427/101256", "correlationVector":"dxtVrU5PRfjkm8oaAmLWFV.26","action":"GetUpdates", "result":"DeleteReceived", "context":{"id":"34d0c951-f45f-4315-a3be-11f6fcd705fd", "isDeleted:":"true", "version":"1682135072007"}}
{"logTime": "0427/101256", "correlationVector":"dxtVrU5PRfjkm8oaAmLWFV.27","action":"GetUpdates", "result":"DeleteReceived", "context":{"id":"b603a238-2184-42a8-928f-031a19f22d70", "isDeleted:":"true", "version":"1682135072008"}}
{"logTime": "0427/101256", "correlationVector":"dxtVrU5PRfjkm8oaAmLWFV.28","action":"GetUpdates", "result":"DeleteReceived", "context":{"id":"8ec9b7d7-91c3-4dab-8804-5b00eff14b74", "isDeleted:":"true", "version":"1682135247030"}}
{"logTime": "0427/101256", "correlationVector":"dxtVrU5PRfjkm8oaAmLWFV.29","action":"GetUpdates", "result":"DeleteReceived", "context":{"id":"b31865ea-cc34-49d5-b85f-a5d03fb30c4f", "isDeleted:":"true", "version":"1682135326419"}}
{"logTime": "0427/101256", "correlationVector":"dxtVrU5PRfjkm8oaAmLWFV.30","action":"GetUpdates", "result":"DeleteReceived", "context":{"id":"4bfe7bc1-4deb-4639-88c3-b6651f51b849", "isDeleted:":"true", "version":"1682135360581"}}
{"logTime": "0427/101256", "correlationVector":"dxtVrU5PRfjkm8oaAmLWFV.31","action":"GetUpdates", "result":"DeleteReceived", "context":{"id":"3fc484e0-2e27-48d5-9abb-a7020eb8aebf", "isDeleted:":"true", "version":"1682153654295"}}
{"logTime": "0427/101256", "correlationVector":"dxtVrU5PRfjkm8oaAmLWFV.32","action":"GetUpdates", "result":"DeleteReceived", "context":{"id":"552fa8b8-9e45-4518-b617-5dd86fd75c5e", "isDeleted:":"true", "version":"1682170088235"}}
{"logTime": "0427/101256", "correlationVector":"dxtVrU5PRfjkm8oaAmLWFV.33","action":"GetUpdates", "result":"DeleteReceived", "context":{"id":"e18f438f-b568-4067-9994-0a13ee945675", "isDeleted:":"true", "version":"1682170088237"}}
{"logTime": "0427/101256", "correlationVector":"dxtVrU5PRfjkm8oaAmLWFV.34","action":"GetUpdates", "result":"DeleteReceived", "context":{"id":"43d31fc8-ac69-4d78-b7db-1488dcb6042d", "isDeleted:":"true", "version":"1682178721805"}}
{"logTime": "0427/101256", "correlationVector":"dxtVrU5PRfjkm8oaAmLWFV.35","action":"GetUpdates", "result":"DeleteReceived", "context":{"id":"36d6b560-035b-4c8f-8803-7be4255587f3", "isDeleted:":"true", "version":"1682178721806"}}
{"logTime": "0427/101256", "correlationVector":"dxtVrU5PRfjkm8oaAmLWFV.36","action":"GetUpdates", "result":"DeleteReceived", "context":{"id":"65e0651f-d509-43ff-95c3-213bf262d902", "isDeleted:":"true", "version":"1682178721808"}}
{"logTime": "0427/101256", "correlationVector":"dxtVrU5PRfjkm8oaAmLWFV.37","action":"GetUpdates", "result":"DeleteReceived", "context":{"id":"8ae3657f-e464-4db8-b26e-d068d19c27e5", "isDeleted:":"true", "version":"1682178721809"}}
{"logTime": "0427/101256", "correlationVector":"dxtVrU5PRfjkm8oaAmLWFV.38","action":"GetUpdates", "result":"DeleteReceived", "context":{"id":"0ec9b79f-11f3-4127-94cb-557efeb3e72f", "isDeleted:":"true", "version":"1682178721810"}}
{"logTime": "0427/101256", "correlationVector":"dxtVrU5PRfjkm8oaAmLWFV.39","action":"GetUpdates", "result":"DeleteReceived", "context":{"id":"87a5216c-cffc-4ff6-b1ef-0d7128c65448", "isDeleted:":"true", "version":"1682212973310"}}
{"logTime": "0427/101256", "correlationVector":"dxtVrU5PRfjkm8oaAmLWFV.40","action":"GetUpdates", "result":"DeleteReceived", "context":{"id":"6a4a2b60-5bc1-4088-a788-0021a37358d3", "isDeleted:":"true", "version":"1682213649430"}}
{"logTime": "0427/101256", "correlationVector":"dxtVrU5PRfjkm8oaAmLWFV.41","action":"GetUpdates", "result":"DeleteReceived", "context":{"id":"56517ece-514c-4ce8-83f9-2386e913de32", "isDeleted:":"true", "version":"1682215089882"}}
{"logTime": "0427/101256", "correlationVector":"dxtVrU5PRfjkm8oaAmLWFV.42","action":"GetUpdates", "result":"DeleteReceived", "context":{"id":"1964fa62-75f8-4680-b344-bae66e4f0e90", "isDeleted:":"true", "version":"1682215089883"}}
{"logTime": "0427/101256", "correlationVector":"dxtVrU5PRfjkm8oaAmLWFV.43","action":"GetUpdates", "result":"DeleteReceived", "context":{"id":"bee54957-77c4-4b9b-b7da-131202ea634c", "isDeleted:":"true", "version":"1682215089884"}}
{"logTime": "0427/101256", "correlationVector":"dxtVrU5PRfjkm8oaAmLWFV.44","action":"GetUpdates", "result":"DeleteReceived", "context":{"id":"4dfeaab9-0d82-42c5-9975-78fd316c2e6c", "isDeleted:":"true", "version":"1682215089885"}}
{"logTime": "0427/101256", "correlationVector":"dxtVrU5PRfjkm8oaAmLWFV.45","action":"GetUpdates", "result":"DeleteReceived", "context":{"id":"aa1a08b6-44dd-4bb4-b238-cde6b8e79d3f", "isDeleted:":"true", "version":"1682215933712"}}
{"logTime": "0427/101256", "correlationVector":"dxtVrU5PRfjkm8oaAmLWFV.46","action":"GetUpdates", "result":"DeleteReceived", "context":{"id":"30842cc5-4629-4d91-9b1e-83e49906aa67", "isDeleted:":"true", "version":"1682215933713"}}
{"logTime": "0427/101256", "correlationVector":"dxtVrU5PRfjkm8oaAmLWFV.47","action":"GetUpdates", "result":"DeleteReceived", "context":{"id":"5ba1ee77-2b21-4ff7-ac9e-35367b5c0f7a", "isDeleted:":"true", "version":"1682216157189"}}
{"logTime": "0427/101256", "correlationVector":"dxtVrU5PRfjkm8oaAmLWFV.48","action":"GetUpdates", "result":"DeleteReceived", "context":{"id":"af5e7085-bb9f-4829-ad00-77b6acdc4f0a", "isDeleted:":"true", "version":"1682216157191"}}
{"logTime": "0427/101256", "correlationVector":"dxtVrU5PRfjkm8oaAmLWFV.49","action":"GetUpdates", "result":"DeleteReceived", "context":{"id":"ebba99fb-103e-4d37-b7f1-f9b52d14d98c", "isDeleted:":"true", "version":"1682216157192"}}
{"logTime": "0427/101256", "correlationVector":"dxtVrU5PRfjkm8oaAmLWFV.50","action":"GetUpdates", "result":"DeleteReceived", "context":{"id":"f40b3806-e633-4e74-8af5-6400e4df9daf", "isDeleted:":"true", "version":"1682226050389"}}
{"logTime": "0427/101256", "correlationVector":"dxtVrU5PRfjkm8oaAmLWFV.51","action":"GetUpdates", "result":"DeleteReceived", "context":{"id":"75721eb6-d7f1-498a-9b59-5e41f0e89d9a", "isDeleted:":"true", "version":"1682226050391"}}
{"logTime": "0427/101256", "correlationVector":"dxtVrU5PRfjkm8oaAmLWFV.52","action":"GetUpdates", "result":"DeleteReceived", "context":{"id":"a5c6ecb4-7cdb-463b-ac7b-5a6a7e0b2757", "isDeleted:":"true", "version":"1682226050392"}}
{"logTime": "0427/101256", "correlationVector":"dxtVrU5PRfjkm8oaAmLWFV.53","action":"GetUpdates", "result":"DeleteReceived", "context":{"id":"3cd3c4e0-51e6-4926-83ac-d89d42123a42", "isDeleted:":"true", "version":"1682226050393"}}
{"logTime": "0427/101256", "correlationVector":"dxtVrU5PRfjkm8oaAmLWFV.54","action":"GetUpdates", "result":"DeleteReceived", "context":{"id":"513ccbce-3a31-4ee5-839f-e61d56b27741", "isDeleted:":"true", "version":"1682226153296"}}
{"logTime": "0427/101256", "correlationVector":"dxtVrU5PRfjkm8oaAmLWFV.55","action":"GetUpdates", "result":"DeleteReceived", "context":{"id":"edb2f5b8-d710-45e6-ac36-a077cf9666c6", "isDeleted:":"true", "version":"1682226685892"}}
{"logTime": "0427/101256", "correlationVector":"dxtVrU5PRfjkm8oaAmLWFV.56","action":"GetUpdates", "result":"DeleteReceived", "context":{"id":"3ad9dca8-a099-4f70-bbbc-29cadb7bc53b", "isDeleted:":"true", "version":"1682226685893"}}
{"logTime": "0427/101256", "correlationVector":"dxtVrU5PRfjkm8oaAmLWFV.57","action":"GetUpdates", "result":"DeleteReceived", "context":{"id":"56296d4c-363f-4f97-8291-97702c33984b", "isDeleted:":"true", "version":"1682226846865"}}
{"logTime": "0427/101256", "correlationVector":"dxtVrU5PRfjkm8oaAmLWFV.58","action":"GetUpdates", "result":"DeleteReceived", "context":{"id":"493e8848-fc7a-4df1-a5bb-6fa7094c6371", "isDeleted:":"true", "version":"1682227665908"}}
{"logTime": "0427/101256", "correlationVector":"dxtVrU5PRfjkm8oaAmLWFV.59","action":"GetUpdates", "result":"DeleteReceived", "context":{"id":"c1693132-14c2-42fb-b5e9-9de5889fefd5", "isDeleted:":"true", "version":"1682227665910"}}
{"logTime": "0427/101256", "correlationVector":"dxtVrU5PRfjkm8oaAmLWFV.60","action":"GetUpdates", "result":"DeleteReceived", "context":{"id":"704fc4fa-1701-4945-80bf-c8103851b524", "isDeleted:":"true", "version":"1682227766078"}}
{"logTime": "0427/101256", "correlationVector":"dxtVrU5PRfjkm8oaAmLWFV.61","action":"GetUpdates", "result":"DeleteReceived", "context":{"id":"bcba2a67-ba67-4839-8da8-504b410f2054", "isDeleted:":"true", "version":"1682227766081"}}
{"logTime": "0427/101256", "correlationVector":"dxtVrU5PRfjkm8oaAmLWFV.62","action":"GetUpdates", "result":"DeleteReceived", "context":{"id":"58283218-4f86-4299-9d65-4d886a5a8f31", "isDeleted:":"true", "version":"1682227806893"}}
{"logTime": "0427/101256", "correlationVector":"dxtVrU5PRfjkm8oaAmLWFV.63","action":"GetUpdates", "result":"DeleteReceived", "context":{"id":"7635d2d8-30a2-45e4-ab46-fd677324e82e", "isDeleted:":"true", "version":"1682254088493"}}
{"logTime": "0427/101256", "correlationVector":"dxtVrU5PRfjkm8oaAmLWFV.64","action":"GetUpdates", "result":"DeleteReceived", "context":{"id":"71350809-260f-41bc-b7ff-4a4ac7259bc0", "isDeleted:":"true", "version":"1682254128903"}}
{"logTime": "0427/101256", "correlationVector":"dxtVrU5PRfjkm8oaAmLWFV.65","action":"GetUpdates", "result":"DeleteReceived", "context":{"id":"edf4ca12-2a23-45e1-8caf-3bc9ff17ffad", "isDeleted:":"true", "version":"1682256259372"}}
{"logTime": "0427/101256", "correlationVector":"dxtVrU5PRfjkm8oaAmLWFV.66","action":"GetUpdates", "result":"DeleteReceived", "context":{"id":"9d1c0847-ff1f-441e-bf76-f04309b30f38", "isDeleted:":"true", "version":"1682256540077"}}
{"logTime": "0427/101256", "correlationVector":"dxtVrU5PRfjkm8oaAmLWFV.67","action":"GetUpdates", "result":"DeleteReceived", "context":{"id":"0ccc7b22-915d-4eb5-944f-a52d22c415c3", "isDeleted:":"true", "version":"1682256540078"}}
{"logTime": "0427/101256", "correlationVector":"dxtVrU5PRfjkm8oaAmLWFV.68","action":"GetUpdates", "result":"DeleteReceived", "context":{"id":"d626dddc-5c76-4388-8f7f-97349a5c5ad6", "isDeleted:":"true", "version":"1682257133440"}}
{"logTime": "0427/101256", "correlationVector":"dxtVrU5PRfjkm8oaAmLWFV.69","action":"GetUpdates", "result":"DeleteReceived", "context":{"id":"bea6aba4-7bda-4108-9be0-97abab7d23f4", "isDeleted:":"true", "version":"1682257133441"}}
{"logTime": "0427/101256", "correlationVector":"dxtVrU5PRfjkm8oaAmLWFV.70","action":"GetUpdates", "result":"DeleteReceived", "context":{"id":"08fa3e71-c945-4129-80e9-2fb7723ed677", "isDeleted:":"true", "version":"1682257646882"}}
{"logTime": "0427/101256", "correlationVector":"dxtVrU5PRfjkm8oaAmLWFV.71","action":"GetUpdates", "result":"DeleteReceived", "context":{"id":"807a7dc8-36c8-4254-a56a-d091b0d92c62", "isDeleted:":"true", "version":"1682258441522"}}
{"logTime": "0427/101256", "correlationVector":"dxtVrU5PRfjkm8oaAmLWFV.72","action":"GetUpdates", "result":"DeleteReceived", "context":{"id":"714c109d-3b5f-4716-8c79-72da21684f9d", "isDeleted:":"true", "version":"1682258481598"}}
{"logTime": "0427/101256", "correlationVector":"dxtVrU5PRfjkm8oaAmLWFV.73","action":"GetUpdates", "result":"DeleteReceived", "context":{"id":"e848292d-3bfa-4862-907c-5c47dda35b26", "isDeleted:":"true", "version":"1682258901912"}}
{"logTime": "0427/101256", "correlationVector":"dxtVrU5PRfjkm8oaAmLWFV.74","action":"GetUpdates", "result":"DeleteReceived", "context":{"id":"66c735c0-6c95-4a21-976c-4658ac223b1b", "isDeleted:":"true", "version":"1682258983029"}}
{"logTime": "0427/101256", "correlationVector":"dxtVrU5PRfjkm8oaAmLWFV.75","action":"GetUpdates", "result":"DeleteReceived", "context":{"id":"928de30b-e6e1-4b0a-8e76-eea4aaa9e43f", "isDeleted:":"true", "version":"1682258983030"}}
{"logTime": "0427/101256", "correlationVector":"dxtVrU5PRfjkm8oaAmLWFV.76","action":"GetUpdates", "result":"DeleteReceived", "context":{"id":"e3948c6e-4cd1-442a-98b2-5c01cc0ff297", "isDeleted:":"true", "version":"1682258983032"}}
{"logTime": "0427/101256", "correlationVector":"dxtVrU5PRfjkm8oaAmLWFV.77","action":"GetUpdates", "result":"DeleteReceived", "context":{"id":"1e2ca932-5555-4f8c-9f5a-d51b0034c50d", "isDeleted:":"true", "version":"1682258983033"}}
{"logTime": "0427/101256", "correlationVector":"dxtVrU5PRfjkm8oaAmLWFV.78","action":"GetUpdates", "result":"DeleteReceived", "context":{"id":"03b8de52-46b0-40cc-aeb9-c27867ad3255", "isDeleted:":"true", "version":"1682258983034"}}
{"logTime": "0427/101256", "correlationVector":"dxtVrU5PRfjkm8oaAmLWFV.79","action":"GetUpdates", "result":"DeleteReceived", "context":{"id":"e1a0a6ba-7a17-498d-bd58-75a241684f38", "isDeleted:":"true", "version":"1682258983035"}}
{"logTime": "0427/101256", "correlationVector":"dxtVrU5PRfjkm8oaAmLWFV.80","action":"GetUpdates", "result":"DeleteReceived", "context":{"id":"be57b29f-7f06-4367-9923-a97d92251755", "isDeleted:":"true", "version":"1682260639349"}}
{"logTime": "0427/101256", "correlationVector":"dxtVrU5PRfjkm8oaAmLWFV.81","action":"GetUpdates", "result":"DeleteReceived", "context":{"id":"2f7ea5d2-8c9c-4078-9637-338745305acf", "isDeleted:":"true", "version":"1682260909391"}}
{"logTime": "0427/101256", "correlationVector":"dxtVrU5PRfjkm8oaAmLWFV.82","action":"GetUpdates", "result":"DeleteReceived", "context":{"id":"26668a55-5412-41eb-8436-35843bbd6db7", "isDeleted:":"true", "version":"1682261002599"}}
{"logTime": "0427/101256", "correlationVector":"dxtVrU5PRfjkm8oaAmLWFV.83","action":"GetUpdates", "result":"DeleteReceived", "context":{"id":"be2e482c-941a-4457-ab6b-3795ffc75f82", "isDeleted:":"true", "version":"1682261108374"}}
{"logTime": "0427/101256", "correlationVector":"dxtVrU5PRfjkm8oaAmLWFV.84","action":"GetUpdates", "result":"DeleteReceived", "context":{"id":"dceb913c-a835-4ce2-9ca4-2292afaa3aa2", "isDeleted:":"true", "version":"1682306519541"}}
{"logTime": "0427/101256", "correlationVector":"dxtVrU5PRfjkm8oaAmLWFV.85","action":"GetUpdates", "result":"DeleteReceived", "context":{"id":"2b8bf3d8-bc5f-437b-b77c-422be70c8541", "isDeleted:":"true", "version":"1682306519544"}}
{"logTime": "0427/101256", "correlationVector":"dxtVrU5PRfjkm8oaAmLWFV.86","action":"GetUpdates", "result":"DeleteReceived", "context":{"id":"fc7d4059-1aa2-4c78-8f41-baec02c478b5", "isDeleted:":"true", "version":"1682306519545"}}
{"logTime": "0427/101256", "correlationVector":"dxtVrU5PRfjkm8oaAmLWFV.87","action":"GetUpdates", "result":"DeleteReceived", "context":{"id":"1d592475-69c2-41b8-884c-f595fc5e9773", "isDeleted:":"true", "version":"1682306625193"}}
{"logTime": "0427/101256", "correlationVector":"dxtVrU5PRfjkm8oaAmLWFV.88","action":"GetUpdates", "result":"DeleteReceived", "context":{"id":"dcc504d4-bcd6-4d2c-a151-4f3285f46899", "isDeleted:":"true", "version":"1682306825203"}}
{"logTime": "0427/101256", "correlationVector":"dxtVrU5PRfjkm8oaAmLWFV.89","action":"GetUpdates", "result":"DeleteReceived", "context":{"id":"f21ab839-e080-4f5b-87d1-905683bfe873", "isDeleted:":"true", "version":"1682307252665"}}
{"logTime": "0427/101256", "correlationVector":"dxtVrU5PRfjkm8oaAmLWFV.90","action":"GetUpdates", "result":"DeleteReceived", "context":{"id":"25393d5f-dd58-439f-aba7-d3bec84d1273", "isDeleted:":"true", "version":"1682307286367"}}
{"logTime": "0427/101256", "correlationVector":"dxtVrU5PRfjkm8oaAmLWFV.91","action":"GetUpdates", "result":"DeleteReceived", "context":{"id":"0684e084-33b9-4c50-8b3f-acbb40aa3673", "isDeleted:":"true", "version":"1682307689012"}}
{"logTime": "0427/101256", "correlationVector":"dxtVrU5PRfjkm8oaAmLWFV.92","action":"GetUpdates", "result":"DeleteReceived", "context":{"id":"a39c39c2-4db6-4609-86f1-2d535012887c", "isDeleted:":"true", "version":"1682307689013"}}
{"logTime": "0427/101256", "correlationVector":"dxtVrU5PRfjkm8oaAmLWFV.93","action":"GetUpdates", "result":"DeleteReceived", "context":{"id":"eae659f2-dde0-4ce1-b088-461f444a0627", "isDeleted:":"true", "version":"1682307689014"}}
{"logTime": "0427/101256", "correlationVector":"dxtVrU5PRfjkm8oaAmLWFV.94","action":"GetUpdates", "result":"DeleteReceived", "context":{"id":"90ee856a-6004-4363-9431-0d298c2438ce", "isDeleted:":"true", "version":"1682308746602"}}
{"logTime": "0427/101256", "correlationVector":"dxtVrU5PRfjkm8oaAmLWFV.95","action":"GetUpdates", "result":"DeleteReceived", "context":{"id":"b5db5b13-04af-4812-af5c-55c203e95961", "isDeleted:":"true", "version":"1682309605260"}}
{"logTime": "0427/101256", "correlationVector":"dxtVrU5PRfjkm8oaAmLWFV.96","action":"GetUpdates", "result":"DeleteReceived", "context":{"id":"b1df9a24-c45c-4cf3-ab48-2baa86d7aba9", "isDeleted:":"true", "version":"1682309866785"}}
{"logTime": "0427/101256", "correlationVector":"dxtVrU5PRfjkm8oaAmLWFV.97","action":"GetUpdates", "result":"DeleteReceived", "context":{"id":"10c16b12-7e64-4c27-994f-5a39f5a6affb", "isDeleted:":"true", "version":"1682310273958"}}
{"logTime": "0427/101256", "correlationVector":"dxtVrU5PRfjkm8oaAmLWFV.98","action":"GetUpdates", "result":"DeleteReceived", "context":{"id":"411b0c70-7601-4a05-94b9-18572a4aa0d6", "isDeleted:":"true", "version":"1682310444475"}}
{"logTime": "0427/101256", "correlationVector":"dxtVrU5PRfjkm8oaAmLWFV.99","action":"GetUpdates", "result":"DeleteReceived", "context":{"id":"5f361d15-85bc-4136-977c-8052ec6b0cb9", "isDeleted:":"true", "version":"1682310964008"}}
{"logTime": "0427/101256", "correlationVector":"dxtVrU5PRfjkm8oaAmLWFV.100","action":"GetUpdates", "result":"DeleteReceived", "context":{"id":"29efa931-9d71-4421-9376-9f293f720163", "isDeleted:":"true", "version":"1682311859616"}}
{"logTime": "0427/101256", "correlationVector":"dxtVrU5PRfjkm8oaAmLWFV.101","action":"GetUpdates", "result":"DeleteReceived", "context":{"id":"ee1013fe-62bf-4f95-8f94-d45cc802f038", "isDeleted:":"true", "version":"1682312495730"}}
{"logTime": "0427/101256", "correlationVector":"dxtVrU5PRfjkm8oaAmLWFV.102","action":"GetUpdates", "result":"DeleteReceived", "context":{"id":"c94cbd93-ad61-4961-a6cc-84fe72346b8c", "isDeleted:":"true", "version":"1682312508128"}}
{"logTime": "0427/101256", "correlationVector":"dxtVrU5PRfjkm8oaAmLWFV.103","action":"GetUpdates", "result":"DeleteReceived", "context":{"id":"71f9ec4c-4e38-4c39-b82c-59932986282a", "isDeleted:":"true", "version":"1682312508130"}}
{"logTime": "0427/101256", "correlationVector":"dxtVrU5PRfjkm8oaAmLWFV.104","action":"GetUpdates", "result":"DeleteReceived", "context":{"id":"2123b563-00be-4608-9e71-7d341103850c", "isDeleted:":"true", "version":"1682312530476"}}
{"logTime": "0427/101256", "correlationVector":"dxtVrU5PRfjkm8oaAmLWFV.105","action":"GetUpdates", "result":"DeleteReceived", "context":{"id":"7bba0237-8894-4456-9152-9d72003dca97", "isDeleted:":"true", "version":"1682313942337"}}
{"logTime": "0427/101256", "correlationVector":"dxtVrU5PRfjkm8oaAmLWFV.106","action":"GetUpdates", "result":"DeleteReceived", "context":{"id":"b39dd1ab-4c8d-4a4f-908a-0f0821f1e8ad", "isDeleted:":"true", "version":"1682315079149"}}
{"logTime": "0427/101256", "correlationVector":"dxtVrU5PRfjkm8oaAmLWFV.107","action":"GetUpdates", "result":"DeleteReceived", "context":{"id":"5c78e6f2-2a10-4171-895c-0edaba3a64e5", "isDeleted:":"true", "version":"1682315846937"}}
{"logTime": "0427/101256", "correlationVector":"dxtVrU5PRfjkm8oaAmLWFV.108","action":"GetUpdates", "result":"DeleteReceived", "context":{"id":"e836d5ed-f004-4bef-a49d-c9e1f7e937b0", "isDeleted:":"true", "version":"1682315951235"}}
{"logTime": "0427/101256", "correlationVector":"dxtVrU5PRfjkm8oaAmLWFV.109","action":"GetUpdates", "result":"DeleteReceived", "context":{"id":"883bfed1-c3d7-4217-825b-7b642fac060f", "isDeleted:":"true", "version":"1682316328524"}}
{"logTime": "0427/101256", "correlationVector":"dxtVrU5PRfjkm8oaAmLWFV.110","action":"GetUpdates", "result":"DeleteReceived", "context":{"id":"10e8a9ad-0b0f-4099-8e67-2ec9f62a0c6c", "isDeleted:":"true", "version":"1682316328525"}}
{"logTime": "0427/101256", "correlationVector":"dxtVrU5PRfjkm8oaAmLWFV.111","action":"GetUpdates", "result":"DeleteReceived", "context":{"id":"40b3e85b-f6c4-4cd2-90a4-35a48192205b", "isDeleted:":"true", "version":"1682316400346"}}
{"logTime": "0427/101256", "correlationVector":"dxtVrU5PRfjkm8oaAmLWFV.112","action":"GetUpdates", "result":"DeleteReceived", "context":{"id":"38666475-2831-4ad2-85cd-da89dd8b55fc", "isDeleted:":"true", "version":"1682337137484"}}
{"logTime": "0427/101256", "correlationVector":"dxtVrU5PRfjkm8oaAmLWFV.113","action":"GetUpdates", "result":"DeleteReceived", "context":{"id":"cd83f359-09e2-48db-927c-395ddb0062d9", "isDeleted:":"true", "version":"1682389787966"}}
{"logTime": "0427/101256", "correlationVector":"dxtVrU5PRfjkm8oaAmLWFV.114","action":"GetUpdates", "result":"DeleteReceived", "context":{"id":"91be6fa6-c849-4889-ba52-3a66b960a30b", "isDeleted:":"true", "version":"1682389787968"}}
{"logTime": "0427/101256", "correlationVector":"dxtVrU5PRfjkm8oaAmLWFV.115","action":"GetUpdates", "result":"DeleteReceived", "context":{"id":"86672875-9f64-42e7-af46-acab5041b312", "isDeleted:":"true", "version":"1682389872305"}}
{"logTime": "0427/101256", "correlationVector":"dxtVrU5PRfjkm8oaAmLWFV.116","action":"GetUpdates", "result":"DeleteReceived", "context":{"id":"99fe2f26-9468-4edb-b0b0-b9a4eaa42ebd", "isDeleted:":"true", "version":"1682391815614"}}
{"logTime": "0427/101256", "correlationVector":"dxtVrU5PRfjkm8oaAmLWFV.117","action":"GetUpdates", "result":"DeleteReceived", "context":{"id":"24fb8850-4d28-48e2-9a08-eb2caeb7a728", "isDeleted:":"true", "version":"1682391885661"}}
{"logTime": "0427/101256", "correlationVector":"dxtVrU5PRfjkm8oaAmLWFV.118","action":"GetUpdates", "result":"DeleteReceived", "context":{"id":"607bd809-dffa-4ad0-9e8b-392d6c5aa93c", "isDeleted:":"true", "version":"1682479508088"}}
{"logTime": "0427/101256", "correlationVector":"dxtVrU5PRfjkm8oaAmLWFV.119","action":"GetUpdates", "result":"DeleteReceived", "context":{"id":"34fdc5c3-8764-4922-a56b-0ac00fb9f668", "isDeleted:":"true", "version":"1682479540338"}}
{"logTime": "0427/101256", "correlationVector":"dxtVrU5PRfjkm8oaAmLWFV.120","action":"GetUpdates", "result":"DeleteReceived", "context":{"id":"516fd515-1d96-4a66-a9e4-cbd9ad4d47e9", "isDeleted:":"true", "version":"1682479540339"}}
{"logTime": "0427/101256", "correlationVector":"dxtVrU5PRfjkm8oaAmLWFV.121","action":"GetUpdates", "result":"DeleteReceived", "context":{"id":"0ebe4422-8de6-4041-86d4-cd0183115371", "isDeleted:":"true", "version":"1682480384338"}}
{"logTime": "0427/101256", "correlationVector":"dxtVrU5PRfjkm8oaAmLWFV.122","action":"GetUpdates", "result":"DeleteReceived", "context":{"id":"d47c03f4-00ea-4834-b9ac-600702085efc", "isDeleted:":"true", "version":"1682480847160"}}
{"logTime": "0427/101256", "correlationVector":"dxtVrU5PRfjkm8oaAmLWFV.123","action":"GetUpdates", "result":"DeleteReceived", "context":{"id":"07b9776e-ed6d-4d67-8ba1-d31f19cf314f", "isDeleted:":"true", "version":"1682480896409"}}
{"logTime": "0427/101256", "correlationVector":"dxtVrU5PRfjkm8oaAmLWFV.124","action":"GetUpdates", "result":"DeleteReceived", "context":{"id":"8a3bbed8-78c3-4825-91d2-c2ee756f69bf", "isDeleted:":"true", "version":"1682481095471"}}
{"logTime": "0427/101256", "correlationVector":"dxtVrU5PRfjkm8oaAmLWFV.125","action":"GetUpdates", "result":"DeleteReceived", "context":{"id":"b29db6c1-05d9-4fc2-81fd-b1fbd0be2642", "isDeleted:":"true", "version":"1682481095474"}}
{"logTime": "0427/101256", "correlationVector":"dxtVrU5PRfjkm8oaAmLWFV.126","action":"GetUpdates", "result":"DeleteReceived", "context":{"id":"76ebee5c-045a-4aee-860a-4952319bae3a", "isDeleted:":"true", "version":"1682481648918"}}
{"logTime": "0427/101256", "correlationVector":"dxtVrU5PRfjkm8oaAmLWFV.127","action":"GetUpdates", "result":"DeleteReceived", "context":{"id":"666276ab-2a5f-478f-b229-04a0ae5d9d4c", "isDeleted:":"true", "version":"1682481648919"}}
{"logTime": "0427/101256", "correlationVector":"dxtVrU5PRfjkm8oaAmLWFV.128","action":"GetUpdates", "result":"DeleteReceived", "context":{"id":"c8260d0e-8717-462c-aa6a-e43d965195a4", "isDeleted:":"true", "version":"1682481736434"}}
{"logTime": "0427/101256", "correlationVector":"dxtVrU5PRfjkm8oaAmLWFV.129","action":"GetUpdates", "result":"DeleteReceived", "context":{"id":"33a55eac-5792-4a4a-aae1-aa308f150d2e", "isDeleted:":"true", "version":"1682482060606"}}
{"logTime": "0427/101256", "correlationVector":"dxtVrU5PRfjkm8oaAmLWFV.130","action":"GetUpdates", "result":"DeleteReceived", "context":{"id":"0e29644f-a5d4-49fa-b9f1-464bb43e523e", "isDeleted:":"true", "version":"1682482060608"}}
{"logTime": "0427/101256", "correlationVector":"dxtVrU5PRfjkm8oaAmLWFV.131","action":"GetUpdates", "result":"DeleteReceived", "context":{"id":"190897d7-01a3-4c95-8483-69b9d7bd8bd7", "isDeleted:":"true", "version":"1682482060609"}}
{"logTime": "0427/101256", "correlationVector":"dxtVrU5PRfjkm8oaAmLWFV.132","action":"GetUpdates", "result":"DeleteReceived", "context":{"id":"66582460-cd3b-42af-8d40-564c2409d4ab", "isDeleted:":"true", "version":"1682482449837"}}
{"logTime": "0427/101256", "correlationVector":"dxtVrU5PRfjkm8oaAmLWFV.133","action":"GetUpdates", "result":"DeleteReceived", "context":{"id":"b402549c-a85f-4626-9ed6-2cb83fae2b73", "isDeleted:":"true", "version":"1682482629509"}}
{"logTime": "0427/101256", "correlationVector":"dxtVrU5PRfjkm8oaAmLWFV.134","action":"GetUpdates Response", "result":"SERVER_MORE_TO_DOWNLOAD", "context":Received 250 update(s).  Some updates remain.}
{"logTime": "0427/101256", "correlationVector":"fYmO5J90WE7g28opfqPWos","action":"Initial GetUpdates", "result":"", "context":Reason: NEWLY_SUPPORTED_DATATYPE. cV=fYmO5J90WE7g28opfqPWos}
{"logTime": "0427/101257", "correlationVector":"fYmO5J90WE7g28opfqPWos.1","action":"SyncServerConnectionManagerRequest", "result":"SYNC_SERVER_OK", "context":{"environment":"Prod_SoutheastAsia_000j", "migrationStage":"NotStarted", "server":"GENERAL0100000S"}}
{"logTime": "0427/101257", "correlationVector":"fYmO5J90WE7g28opfqPWos.2","action":"GetUpdates", "result":"DeleteReceived", "context":{"id":"f165b423-bcc5-434b-a07a-c3aea553065c", "isDeleted:":"true", "version":"1682483086356"}}
{"logTime": "0427/101257", "correlationVector":"fYmO5J90WE7g28opfqPWos.3","action":"GetUpdates", "result":"DeleteReceived", "context":{"id":"5a22c9ce-3ced-4fed-a4da-b5f81a91000e", "isDeleted:":"true", "version":"1682483139980"}}
{"logTime": "0427/101257", "correlationVector":"fYmO5J90WE7g28opfqPWos.4","action":"GetUpdates", "result":"DeleteReceived", "context":{"id":"e3f70336-1c81-415d-957b-b9c5d34b04f8", "isDeleted:":"true", "version":"1682484724931"}}
{"logTime": "0427/101257", "correlationVector":"fYmO5J90WE7g28opfqPWos.5","action":"GetUpdates", "result":"DeleteReceived", "context":{"id":"358b3863-5e44-444f-ad57-6ff9491e8132", "isDeleted:":"true", "version":"1682485781180"}}
{"logTime": "0427/101257", "correlationVector":"fYmO5J90WE7g28opfqPWos.6","action":"GetUpdates", "result":"DeleteReceived", "context":{"id":"f06e0ccc-5460-471d-acb9-17a1283ee8a7", "isDeleted:":"true", "version":"1682486205668"}}
{"logTime": "0427/101257", "correlationVector":"fYmO5J90WE7g28opfqPWos.7","action":"GetUpdates", "result":"DeleteReceived", "context":{"id":"67794c75-c307-4649-af41-66825850e5e7", "isDeleted:":"true", "version":"1682487368880"}}
{"logTime": "0427/101257", "correlationVector":"fYmO5J90WE7g28opfqPWos.8","action":"GetUpdates", "result":"DeleteReceived", "context":{"id":"48ad1a2f-b8b3-40c5-9972-86a315fb5b48", "isDeleted:":"true", "version":"1682487368881"}}
{"logTime": "0427/101257", "correlationVector":"fYmO5J90WE7g28opfqPWos.9","action":"GetUpdates", "result":"DeleteReceived", "context":{"id":"38f5b2bf-fa50-44dc-8510-2132b5f6d0a7", "isDeleted:":"true", "version":"1682522830329"}}
{"logTime": "0427/101257", "correlationVector":"fYmO5J90WE7g28opfqPWos.10","action":"GetUpdates", "result":"DeleteReceived", "context":{"id":"bac38fd1-78ea-4396-a317-525e81b0e049", "isDeleted:":"true", "version":"1682523057843"}}
{"logTime": "0427/101257", "correlationVector":"fYmO5J90WE7g28opfqPWos.11","action":"GetUpdates", "result":"DeleteReceived", "context":{"id":"a2773607-7dc3-49ac-a0e0-123e1a3470a9", "isDeleted:":"true", "version":"1682523351700"}}
{"logTime": "0427/101257", "correlationVector":"fYmO5J90WE7g28opfqPWos.12","action":"GetUpdates", "result":"DeleteReceived", "context":{"id":"bb01ebf4-b8ed-4991-a9fc-85a50f3fcd94", "isDeleted:":"true", "version":"1682523351701"}}
{"logTime": "0427/101257", "correlationVector":"fYmO5J90WE7g28opfqPWos.13","action":"GetUpdates", "result":"DeleteReceived", "context":{"id":"2305612b-6b67-4c41-bece-df64bf5af801", "isDeleted:":"true", "version":"1682523420973"}}
{"logTime": "0427/101257", "correlationVector":"fYmO5J90WE7g28opfqPWos.14","action":"GetUpdates", "result":"DeleteReceived", "context":{"id":"856a790c-f5e8-45db-82f2-12988d79f3f3", "isDeleted:":"true", "version":"1682523420974"}}
{"logTime": "0427/101257", "correlationVector":"fYmO5J90WE7g28opfqPWos.15","action":"GetUpdates", "result":"DeleteReceived", "context":{"id":"755404b0-db65-47bd-8ef9-9f8ca82bf34d", "isDeleted:":"true", "version":"1682523420975"}}
{"logTime": "0427/101257", "correlationVector":"fYmO5J90WE7g28opfqPWos.16","action":"GetUpdates", "result":"DeleteReceived", "context":{"id":"7e1dda1b-3549-4d5b-ba0d-831d0c54c378", "isDeleted:":"true", "version":"1682523420977"}}
{"logTime": "0427/101257", "correlationVector":"fYmO5J90WE7g28opfqPWos.17","action":"GetUpdates", "result":"DeleteReceived", "context":{"id":"677dae28-e3e3-421d-82fd-6a5078b3c990", "isDeleted:":"true", "version":"1682523420978"}}
{"logTime": "0427/101257", "correlationVector":"fYmO5J90WE7g28opfqPWos.18","action":"GetUpdates", "result":"DeleteReceived", "context":{"id":"2c3f2c1f-2ca3-4951-852b-2100af6bd8dc", "isDeleted:":"true", "version":"1682523600022"}}
{"logTime": "0427/101257", "correlationVector":"fYmO5J90WE7g28opfqPWos.19","action":"GetUpdates", "result":"DeleteReceived", "context":{"id":"c6aef79e-fdbe-4b78-b361-016b3f130e25", "isDeleted:":"true", "version":"1682523631430"}}
{"logTime": "0427/101257", "correlationVector":"fYmO5J90WE7g28opfqPWos.20","action":"GetUpdates", "result":"DeleteReceived", "context":{"id":"d9d4e4b2-2540-445f-8efb-5aa5e2ca93e8", "isDeleted:":"true", "version":"1682523662377"}}
{"logTime": "0427/101257", "correlationVector":"fYmO5J90WE7g28opfqPWos.21","action":"GetUpdates", "result":"DeleteReceived", "context":{"id":"f47a98cd-897c-4e76-8535-58089450b495", "isDeleted:":"true", "version":"1682523693891"}}
{"logTime": "0427/101257", "correlationVector":"fYmO5J90WE7g28opfqPWos.22","action":"GetUpdates", "result":"DeleteReceived", "context":{"id":"c5153431-45d0-4a8f-9d17-b033dba30138", "isDeleted:":"true", "version":"1682523786874"}}
{"logTime": "0427/101257", "correlationVector":"fYmO5J90WE7g28opfqPWos.23","action":"GetUpdates", "result":"DeleteReceived", "context":{"id":"4d0d4185-a18f-4c3f-833c-5a6a12f36738", "isDeleted:":"true", "version":"1682523817770"}}
{"logTime": "0427/101257", "correlationVector":"fYmO5J90WE7g28opfqPWos.24","action":"GetUpdates", "result":"DeleteReceived", "context":{"id":"11bdb1c1-5b4b-485c-a9b8-d4bb207978aa", "isDeleted:":"true", "version":"1682523851766"}}
{"logTime": "0427/101257", "correlationVector":"fYmO5J90WE7g28opfqPWos.25","action":"GetUpdates", "result":"DeleteReceived", "context":{"id":"0b7cc971-e682-405e-9262-8563a858747d", "isDeleted:":"true", "version":"1682523915226"}}
{"logTime": "0427/101257", "correlationVector":"fYmO5J90WE7g28opfqPWos.26","action":"GetUpdates", "result":"DeleteReceived", "context":{"id":"44a3cc87-65a9-40f8-aade-1a534672302e", "isDeleted:":"true", "version":"1682524614180"}}
{"logTime": "0427/101257", "correlationVector":"fYmO5J90WE7g28opfqPWos.27","action":"GetUpdates", "result":"DeleteReceived", "context":{"id":"cf356f4f-f3dc-48e8-97fb-26e20a6b2c5d", "isDeleted:":"true", "version":"1682524743901"}}
{"logTime": "0427/101257", "correlationVector":"fYmO5J90WE7g28opfqPWos.28","action":"GetUpdates", "result":"DeleteReceived", "context":{"id":"61409481-779c-46fb-b1b8-5bf80dfd3bec", "isDeleted:":"true", "version":"1682524833076"}}
{"logTime": "0427/101257", "correlationVector":"fYmO5J90WE7g28opfqPWos.29","action":"GetUpdates", "result":"DeleteReceived", "context":{"id":"a5261ec5-86a3-4374-9d36-04791eee6bb1", "isDeleted:":"true", "version":"1682525198534"}}
{"logTime": "0427/101257", "correlationVector":"fYmO5J90WE7g28opfqPWos.30","action":"GetUpdates", "result":"DeleteReceived", "context":{"id":"705502b3-d103-4271-aadc-846690efa80b", "isDeleted:":"true", "version":"1682525334883"}}
{"logTime": "0427/101257", "correlationVector":"fYmO5J90WE7g28opfqPWos.31","action":"GetUpdates", "result":"DeleteReceived", "context":{"id":"8e41de6c-69bc-4c92-9c0e-890223f49298", "isDeleted:":"true", "version":"1682525334884"}}
{"logTime": "0427/101257", "correlationVector":"fYmO5J90WE7g28opfqPWos.32","action":"GetUpdates", "result":"DeleteReceived", "context":{"id":"bc9af0dd-d666-4d02-a400-52056aac4aaf", "isDeleted:":"true", "version":"1682525334886"}}
{"logTime": "0427/101257", "correlationVector":"fYmO5J90WE7g28opfqPWos.33","action":"GetUpdates", "result":"DeleteReceived", "context":{"id":"4cc8fb7e-5275-448d-bcdb-5c0782fa704c", "isDeleted:":"true", "version":"1682525334887"}}
{"logTime": "0427/101257", "correlationVector":"fYmO5J90WE7g28opfqPWos.34","action":"GetUpdates", "result":"DeleteReceived", "context":{"id":"745ea78c-9318-4263-a39e-fcae19bfb563", "isDeleted:":"true", "version":"1682525713972"}}
{"logTime": "0427/101257", "correlationVector":"fYmO5J90WE7g28opfqPWos.35","action":"GetUpdates", "result":"DeleteReceived", "context":{"id":"de92e2bf-be9e-42f7-be8e-b2bccaea528f", "isDeleted:":"true", "version":"1682526537753"}}
{"logTime": "0427/101257", "correlationVector":"fYmO5J90WE7g28opfqPWos.36","action":"GetUpdates", "result":"DeleteReceived", "context":{"id":"ac7f9cb1-783a-4136-9f89-be49301decc5", "isDeleted:":"true", "version":"1682526537754"}}
{"logTime": "0427/101257", "correlationVector":"fYmO5J90WE7g28opfqPWos.37","action":"GetUpdates", "result":"DeleteReceived", "context":{"id":"238e23e9-7482-4b9f-a6d3-63808db2c0ff", "isDeleted:":"true", "version":"1682526537755"}}
{"logTime": "0427/101257", "correlationVector":"fYmO5J90WE7g28opfqPWos.38","action":"GetUpdates", "result":"DeleteReceived", "context":{"id":"a591098b-373b-4fcb-a06b-945f9efc9b17", "isDeleted:":"true", "version":"1682562133795"}}
{"logTime": "0427/101257", "correlationVector":"fYmO5J90WE7g28opfqPWos.39","action":"GetUpdates", "result":"DeleteReceived", "context":{"id":"bdc7d272-9870-4b7e-b756-b8dcf126ba55", "isDeleted:":"true", "version":"1682562279520"}}
{"logTime": "0427/101257", "correlationVector":"fYmO5J90WE7g28opfqPWos.40","action":"GetUpdates", "result":"DeleteReceived", "context":{"id":"6adbf6bb-297e-4253-a749-e962ddbce3ee", "isDeleted:":"true", "version":"1682563387566"}}
{"logTime": "0427/101257", "correlationVector":"fYmO5J90WE7g28opfqPWos.41","action":"GetUpdates", "result":"DeleteReceived", "context":{"id":"d092d1fa-7ee8-45b0-97eb-cdeec16a11ca", "isDeleted:":"true", "version":"1682563387568"}}
{"logTime": "0427/101257", "correlationVector":"fYmO5J90WE7g28opfqPWos.42","action":"GetUpdates", "result":"DeleteReceived", "context":{"id":"c2e98315-5ee4-452a-a225-5b28add90a9f", "isDeleted:":"true", "version":"1682563543079"}}
{"logTime": "0427/101257", "correlationVector":"fYmO5J90WE7g28opfqPWos.43","action":"GetUpdates", "result":"DeleteReceived", "context":{"id":"760eb1e9-0c7e-4e7b-81a9-fb55c46f82e5", "isDeleted:":"true", "version":"1682563615553"}}
{"logTime": "0427/101257", "correlationVector":"fYmO5J90WE7g28opfqPWos.44","action":"GetUpdates", "result":"DeleteReceived", "context":{"id":"80eca88f-bb17-451a-8906-1f27bb32c7b8", "isDeleted:":"true", "version":"1682563615554"}}
{"logTime": "0427/101257", "correlationVector":"fYmO5J90WE7g28opfqPWos.45","action":"GetUpdates", "result":"DeleteReceived", "context":{"id":"8480159e-3ad4-482b-b7ea-74ab0dde5fdf", "isDeleted:":"true", "version":"1682564244856"}}
{"logTime": "0427/101257", "correlationVector":"fYmO5J90WE7g28opfqPWos.46","action":"GetUpdates", "result":"DeleteReceived", "context":{"id":"b858d763-008d-4d7f-b65e-69fa8980030d", "isDeleted:":"true", "version":"1682564571082"}}
{"logTime": "0427/101257", "correlationVector":"fYmO5J90WE7g28opfqPWos.47","action":"GetUpdates", "result":"DeleteReceived", "context":{"id":"bd1c9f1f-7272-47c4-9069-562ac77ce09c", "isDeleted:":"true", "version":"1682564755998"}}
{"logTime": "0427/101257", "correlationVector":"fYmO5J90WE7g28opfqPWos.48","action":"GetUpdates", "result":"DeleteReceived", "context":{"id":"675e193c-5e71-4b42-868a-ed4837363101", "isDeleted:":"true", "version":"1682564971038"}}
{"logTime": "0427/101257", "correlationVector":"fYmO5J90WE7g28opfqPWos.49","action":"GetUpdates", "result":"DeleteReceived", "context":{"id":"be1f269f-b0ce-44e6-b944-ce836e9fb3a2", "isDeleted:":"true", "version":"1682565007877"}}
{"logTime": "0427/101257", "correlationVector":"fYmO5J90WE7g28opfqPWos.50","action":"GetUpdates", "result":"DeleteReceived", "context":{"id":"444227bd-bd44-4fa4-9b15-8de3dc5579be", "isDeleted:":"true", "version":"1682565056438"}}
{"logTime": "0427/101257", "correlationVector":"fYmO5J90WE7g28opfqPWos.51","action":"GetUpdates", "result":"DeleteReceived", "context":{"id":"da8f522c-1e53-401d-8d5d-27df32b5cb53", "isDeleted:":"true", "version":"1682565237528"}}
{"logTime": "0427/101258", "correlationVector":"fYmO5J90WE7g28opfqPWos.52","action":"GetUpdates", "result":"DeleteReceived", "context":{"id":"228e3a96-cbb6-4515-b7bb-3cc85d9fdfa1", "isDeleted:":"true", "version":"1682566977173"}}
{"logTime": "0427/101258", "correlationVector":"fYmO5J90WE7g28opfqPWos.53","action":"GetUpdates", "result":"DeleteReceived", "context":{"id":"cea2da53-8fcb-41b4-95fe-1ac9014283bf", "isDeleted:":"true", "version":"1682567429827"}}
{"logTime": "0427/101258", "correlationVector":"fYmO5J90WE7g28opfqPWos.54","action":"GetUpdates", "result":"DeleteReceived", "context":{"id":"f1fbdffb-8184-417c-ae7d-67bf818e2bb2", "isDeleted:":"true", "version":"1682567746152"}}
{"logTime": "0427/101258", "correlationVector":"fYmO5J90WE7g28opfqPWos.55","action":"GetUpdates", "result":"DeleteReceived", "context":{"id":"e988634b-c69a-4796-a4c7-d434dea2f7a5", "isDeleted:":"true", "version":"1682567836843"}}
{"logTime": "0427/101258", "correlationVector":"fYmO5J90WE7g28opfqPWos.56","action":"GetUpdates", "result":"DeleteReceived", "context":{"id":"53d5966c-dc85-4352-9efe-a11bb382161a", "isDeleted:":"true", "version":"1682568783028"}}
{"logTime": "0427/101258", "correlationVector":"fYmO5J90WE7g28opfqPWos.57","action":"GetUpdates", "result":"DeleteReceived", "context":{"id":"b7f1977b-910d-47be-984d-e6fb8bcf7885", "isDeleted:":"true", "version":"1682569239746"}}
{"logTime": "0427/101258", "correlationVector":"fYmO5J90WE7g28opfqPWos.58","action":"GetUpdates", "result":"DeleteReceived", "context":{"id":"55f26db8-6a8b-499d-93da-f75867ec235f", "isDeleted:":"true", "version":"1682569463136"}}
{"logTime": "0427/101258", "correlationVector":"fYmO5J90WE7g28opfqPWos.59","action":"GetUpdates", "result":"DeleteReceived", "context":{"id":"588ceaae-0593-4bda-b5e0-bdcf21aceb2e", "isDeleted:":"true", "version":"1682569463138"}}
{"logTime": "0427/101258", "correlationVector":"fYmO5J90WE7g28opfqPWos.60","action":"GetUpdates", "result":"DeleteReceived", "context":{"id":"a47c3090-e2b1-4c1c-bf2e-44376fc49d08", "isDeleted:":"true", "version":"1682569512563"}}
{"logTime": "0427/101258", "correlationVector":"fYmO5J90WE7g28opfqPWos.61","action":"GetUpdates", "result":"DeleteReceived", "context":{"id":"8b437393-04ed-4cbf-a0f1-471c3fbacf9a", "isDeleted:":"true", "version":"1682569596018"}}
{"logTime": "0427/101258", "correlationVector":"fYmO5J90WE7g28opfqPWos.62","action":"GetUpdates", "result":"DeleteReceived", "context":{"id":"bb8baf18-3cd6-4764-9898-58e95e78cc29", "isDeleted:":"true", "version":"1682569823667"}}
{"logTime": "0427/101258", "correlationVector":"fYmO5J90WE7g28opfqPWos.63","action":"GetUpdates", "result":"DeleteReceived", "context":{"id":"bfcdf303-5213-40c3-82ed-25a0debdd4db", "isDeleted:":"true", "version":"1682569823668"}}
{"logTime": "0427/101258", "correlationVector":"fYmO5J90WE7g28opfqPWos.64","action":"GetUpdates", "result":"DeleteReceived", "context":{"id":"9cbf65d0-432a-4ef7-87d2-4d9153dba6ce", "isDeleted:":"true", "version":"1682572948043"}}
{"logTime": "0427/101258", "correlationVector":"fYmO5J90WE7g28opfqPWos.65","action":"GetUpdates", "result":"DeleteReceived", "context":{"id":"c59c9d8f-1749-475a-afc0-0be2bf93142e", "isDeleted:":"true", "version":"1682579491379"}}
{"logTime": "0427/101258", "correlationVector":"fYmO5J90WE7g28opfqPWos.66","action":"GetUpdates", "result":"DeleteReceived", "context":{"id":"4081f503-7e5c-496a-9f6f-3e2a90638cd2", "isDeleted:":"true", "version":"1682579491380"}}
{"logTime": "0427/101258", "correlationVector":"fYmO5J90WE7g28opfqPWos.67","action":"GetUpdates", "result":"DeleteReceived", "context":{"id":"477deb5a-591b-4a27-8ff1-4f4fac18a53b", "isDeleted:":"true", "version":"1682579491381"}}
{"logTime": "0427/101258", "correlationVector":"fYmO5J90WE7g28opfqPWos.68","action":"GetUpdates", "result":"DeleteReceived", "context":{"id":"5732c77f-90a9-4cce-8806-2ebb9f9c9069", "isDeleted:":"true", "version":"1682579491383"}}
{"logTime": "0427/101258", "correlationVector":"fYmO5J90WE7g28opfqPWos.69","action":"GetUpdates", "result":"DeleteReceived", "context":{"id":"adea8448-b52c-4bb4-93c6-ad99a0de4b69", "isDeleted:":"true", "version":"1682579491384"}}
{"logTime": "0427/101258", "correlationVector":"fYmO5J90WE7g28opfqPWos.70","action":"GetUpdates", "result":"DeleteReceived", "context":{"id":"0f434366-a1e0-4f06-bd3a-a944227b609c", "isDeleted:":"true", "version":"1682579491385"}}
{"logTime": "0427/101258", "correlationVector":"fYmO5J90WE7g28opfqPWos.71","action":"GetUpdates", "result":"DeleteReceived", "context":{"id":"41ab8e85-08c5-43ba-a50d-04a22dd0a93f", "isDeleted:":"true", "version":"1682589391034"}}
{"logTime": "0427/101258", "correlationVector":"fYmO5J90WE7g28opfqPWos.72","action":"GetUpdates Response", "result":"SYNCER_OK", "context":Received 155 update(s). cV=fYmO5J90WE7g28opfqPWos.0;server=GENERAL0100000S;cloudType=Consumer;environment=Prod_SoutheastAsia_000j;migrationStage=NotStarted}
{"logTime": "0427/101258", "correlationVector":"Kuq6dl7+usjaxUSmg/vd/p","action":"Normal GetUpdate request", "result":"", "context":cV=Kuq6dl7+usjaxUSmg/vd/p
Nudged types: Bookmarks, Sessions, Device Info
Refresh requested types: Bookmarks, Preferences, Passwords, Autofill Profiles, Autofill, Autofill Custom Data, Typed URLs, Extensions, Sessions, Extension settings, History Delete Directives, Device Info, User Consents, Send Tab To Self, Web Apps, Collection, Edge E Drop, Encryption Keys}
{"logTime": "0427/101302", "correlationVector":"Kuq6dl7+usjaxUSmg/vd/p.1","action":"SyncServerConnectionManagerRequest", "result":"SYNC_SERVER_OK", "context":{"environment":"Prod_SoutheastAsia_000j", "migrationStage":"NotStarted", "server":"GENERAL0100000A"}}
{"logTime": "0427/101302", "correlationVector":"Kuq6dl7+usjaxUSmg/vd/p.2","action":"GetUpdates Response", "result":"SYNCER_OK", "context":Received 0 update(s). cV=Kuq6dl7+usjaxUSmg/vd/p.0;server=GENERAL0100000A;cloudType=Consumer;environment=Prod_SoutheastAsia_000j;migrationStage=NotStarted}
{"logTime": "0427/101302", "correlationVector":"GwskfvJvsj6WxaVeSFKVYQ","action":"Commit Request", "result":"", "context":Item count: 1
Contributing types: Device Info}
{"logTime": "0427/101302", "correlationVector":"GwskfvJvsj6WxaVeSFKVYQ.1","action":"SyncServerConnectionManagerRequest", "result":"SYNC_SERVER_OK", "context":{"environment":"Prod_SoutheastAsia_000j", "migrationStage":"NotStarted", "server":"general01000009"}}
{"logTime": "0427/101302", "correlationVector":"GwskfvJvsj6WxaVeSFKVYQ.2","action":"Commit Response", "result":"SYNCER_OK", "context":Result: SYNCER_OK. cV=GwskfvJvsj6WxaVeSFKVYQ.0;server=general01000009;cloudType=Consumer;environment=Prod_SoutheastAsia_000j;migrationStage=NotStarted}
{"logTime": "0427/101302", "correlationVector":"sETv7f9mcBlzaN67mVx+76","action":"Commit Request", "result":"", "context":Item count: 20
Contributing types: Bookmarks}
{"logTime": "0427/101302", "correlationVector":"sETv7f9mcBlzaN67mVx+76.1","action":"SyncServerConnectionManagerRequest", "result":"SYNC_SERVER_OK", "context":{"environment":"Prod_SoutheastAsia_000j", "migrationStage":"NotStarted", "server":"GENERAL0100001H"}}
{"logTime": "0427/101302", "correlationVector":"sETv7f9mcBlzaN67mVx+76.2","action":"Commit Response", "result":"SYNCER_OK", "context":Result: SYNCER_OK. cV=sETv7f9mcBlzaN67mVx+76.0;server=GENERAL0100001H;cloudType=Consumer;environment=Prod_SoutheastAsia_000j;migrationStage=NotStarted}
{"logTime": "0427/101303", "correlationVector":"qNmzhCrK8NRnADG+E3A5zg","action":"Commit Request", "result":"", "context":Item count: 20
Contributing types: Typed URLs}
{"logTime": "0427/101303", "correlationVector":"qNmzhCrK8NRnADG+E3A5zg.1","action":"SyncServerConnectionManagerRequest", "result":"SYNC_SERVER_OK", "context":{"environment":"Prod_SoutheastAsia_000j", "migrationStage":"NotStarted", "server":"GENERAL01000008"}}
{"logTime": "0427/101303", "correlationVector":"qNmzhCrK8NRnADG+E3A5zg.2","action":"Commit Response", "result":"SYNCER_OK", "context":Result: SYNCER_OK. cV=qNmzhCrK8NRnADG+E3A5zg.0;server=GENERAL01000008;cloudType=Consumer;environment=Prod_SoutheastAsia_000j;migrationStage=NotStarted}
{"logTime": "0427/101303", "correlationVector":"li61d9smFU0mdS1KWLiPnX","action":"Commit Request", "result":"", "context":Item count: 6
Contributing types: Typed URLs, Sessions}
{"logTime": "0427/101303", "correlationVector":"li61d9smFU0mdS1KWLiPnX.1","action":"SyncServerConnectionManagerRequest", "result":"SYNC_SERVER_OK", "context":{"environment":"Prod_SoutheastAsia_000j", "migrationStage":"NotStarted", "server":"general0100001F"}}
{"logTime": "0427/101303", "correlationVector":"li61d9smFU0mdS1KWLiPnX.2","action":"Commit Response", "result":"SYNCER_OK", "context":Result: SYNCER_OK. cV=li61d9smFU0mdS1KWLiPnX.0;server=general0100001F;cloudType=Consumer;environment=Prod_SoutheastAsia_000j;migrationStage=NotStarted}
